=== SYSTEMATIC FLAKE8 SCAN RESULTS ===
Timestamp: 2025-07-09T13:00:56.126569
Return Code: 1
==================================================
STDOUT:
.\ADVANCED_AUTONOMOUS_FRAMEWORK_7_PHASE_COMPREHENSIVE_SCOPE.py:17:1: F401 'os' imported but unused
import os
^
.\ADVANCED_AUTONOMOUS_FRAMEWORK_7_PHASE_COMPREHENSIVE_SCOPE.py:18:1: F401 'sys' imported but unused
import sys
^
.\ADVANCED_AUTONOMOUS_FRAMEWORK_7_PHASE_COMPREHENSIVE_SCOPE.py:19:1: F401 'time' imported but unused
import time
^
.\ADVANCED_AUTONOMOUS_FRAMEWORK_7_PHASE_COMPREHENSIVE_SCOPE.py:123:80: E501 line too long (94 > 79 characters)
        """Generate comprehensive specification for NEW PHASE 3: DATABASE-FIRST PREPARATION"""
                                                                               ^
.\ADVANCED_AUTONOMOUS_FRAMEWORK_7_PHASE_COMPREHENSIVE_SCOPE.py:294:80: E501 line too long (82 > 79 characters)
            description="Comprehensive database-first preparation and validation",
                                                                               ^
.\ADVANCED_AUTONOMOUS_FRAMEWORK_7_PHASE_COMPREHENSIVE_SCOPE.py:323:80: E501 line too long (91 > 79 characters)
        """Generate comprehensive specification for NEW PHASE 6: AUTONOMOUS OPTIMIZATION"""
                                                                               ^
.\ADVANCED_AUTONOMOUS_FRAMEWORK_7_PHASE_COMPREHENSIVE_SCOPE.py:552:80: E501 line too long (98 > 79 characters)
            description="Advanced autonomous optimization with ML-driven performance enhancement",
                                                                               ^
.\ADVANCED_AUTONOMOUS_FRAMEWORK_7_PHASE_COMPREHENSIVE_SCOPE.py:570:80: E501 line too long (85 > 79 characters)
            failure_recovery="autonomous_optimization_rollback_with_manual_override",
                                                                               ^
.\ADVANCED_AUTONOMOUS_FRAMEWORK_7_PHASE_COMPREHENSIVE_SCOPE.py:606:80: E501 line too long (82 > 79 characters)
                "PHASE_3": self.generate_new_phase_3_database_first_preparation(),
                                                                               ^
.\ADVANCED_AUTONOMOUS_FRAMEWORK_7_PHASE_COMPREHENSIVE_SCOPE.py:717:80: E501 line too long (81 > 79 characters)
            phase_3_spec = self.generate_new_phase_3_database_first_preparation()
                                                                               ^
.\ADVANCED_AUTONOMOUS_FRAMEWORK_7_PHASE_COMPREHENSIVE_SCOPE.py:769:80: E501 line too long (90 > 79 characters)
            filename = f"ADVANCED_AUTONOMOUS_FRAMEWORK_7_PHASE_SCOPE_{timestamp_str}.json"
                                                                               ^
.\ADVANCED_AUTONOMOUS_FRAMEWORK_7_PHASE_COMPREHENSIVE_SCOPE.py:788:80: E501 line too long (94 > 79 characters)
                "[LAUNCH] Starting Advanced Autonomous Framework 7-Phase Scope Generation...")
                                                                               ^
.\ADVANCED_AUTONOMOUS_FRAMEWORK_7_PHASE_COMPREHENSIVE_SCOPE.py:805:80: E501 line too long (118 > 79 characters)
                    scope_report["new_phases"]["PHASE_3_DATABASE_FIRST_PREPARATION"]["validation_checkpoints"]) + len(
                                                                               ^
.\ADVANCED_AUTONOMOUS_FRAMEWORK_7_PHASE_COMPREHENSIVE_SCOPE.py:806:80: E501 line too long (109 > 79 characters)
                    scope_report["new_phases"]["PHASE_6_AUTONOMOUS_OPTIMIZATION"]["validation_checkpoints"]),
                                                                               ^
.\ADVANCED_AUTONOMOUS_FRAMEWORK_7_PHASE_COMPREHENSIVE_SCOPE.py:808:80: E501 line too long (105 > 79 characters)
                    scope_report["new_phases"]["PHASE_3_DATABASE_FIRST_PREPARATION"]["libraries"]) + len(
                                                                               ^
.\ADVANCED_AUTONOMOUS_FRAMEWORK_7_PHASE_COMPREHENSIVE_SCOPE.py:809:80: E501 line too long (96 > 79 characters)
                    scope_report["new_phases"]["PHASE_6_AUTONOMOUS_OPTIMIZATION"]["libraries"]),
                                                                               ^
.\ADVANCED_AUTONOMOUS_FRAMEWORK_7_PHASE_COMPREHENSIVE_SCOPE.py:811:80: E501 line too long (111 > 79 characters)
                    scope_report["new_phases"]["PHASE_3_DATABASE_FIRST_PREPARATION"]["file_structures"]) + len(
                                                                               ^
.\ADVANCED_AUTONOMOUS_FRAMEWORK_7_PHASE_COMPREHENSIVE_SCOPE.py:812:80: E501 line too long (102 > 79 characters)
                    scope_report["new_phases"]["PHASE_6_AUTONOMOUS_OPTIMIZATION"]["file_structures"]),
                                                                               ^
.\ADVANCED_AUTONOMOUS_FRAMEWORK_7_PHASE_COMPREHENSIVE_SCOPE.py:818:80: E501 line too long (107 > 79 characters)
                "[COMPLETE] ADVANCED AUTONOMOUS FRAMEWORK 7-PHASE SCOPE GENERATION COMPLETED SUCCESSFULLY")
                                                                               ^
.\ADVANCED_AUTONOMOUS_FRAMEWORK_7_PHASE_COMPREHENSIVE_SCOPE.py:855:80: E501 line too long (90 > 79 characters)
            "[COMPLETE] ADVANCED AUTONOMOUS FRAMEWORK 7-PHASE SCOPE GENERATION COMPLETED")
                                                                               ^
.\backups\critical_corrections_20250709_125919\copilot\core\ADVANCED_AUTONOMOUS_FRAMEWORK_7_PHASE_COMPREHENSIVE_SCOPE.py:30:22: E999 SyntaxError: closing parenthesis ']' does not match opening parenthesis '('
.\backups\critical_corrections_20250709_125919\copilot\core\autonomous_file_manager.py:35:51: E999 SyntaxError: closing parenthesis ']' does not match opening parenthesis '('
        self.workspace_path = get_workspace_path(]
                                                  ^
.\backups\critical_corrections_20250709_125919\copilot\core\enterprise_json_serialization_fix.py:34:30: E999 SyntaxError: closing parenthesis ']' does not match opening parenthesis '('
.\backups\critical_corrections_20250709_125919\copilot\core\enterprise_orchestrator.py:45:37: E999 SyntaxError: closing parenthesis ']' does not match opening parenthesis '('
        self.workspace_root = Path(]
                                    ^
.\backups\critical_corrections_20250709_125919\copilot\core\enterprise_unicode_compatibility_fix.py:41:19: E999 SyntaxError: closing parenthesis ']' does not match opening parenthesis '('
.\backups\critical_corrections_20250709_125919\copilot\core\final_deployment_validator.py:24:22: E999 SyntaxError: closing parenthesis ']' does not match opening parenthesis '('
logging.basicConfig(]
                     ^
.\backups\critical_corrections_20250709_125919\copilot\core\frameworks\comprehensive_deployment_manager.py:26:22: E999 SyntaxError: closing parenthesis ']' does not match opening parenthesis '('
.\backups\critical_corrections_20250709_125919\copilot\core\frameworks\intelligent_instruction_orchestrator.py:56:39: E999 SyntaxError: closing parenthesis ']' does not match opening parenthesis '('
.\backups\critical_corrections_20250709_125919\copilot\core\frameworks\mission_completion_orchestrator.py:83:13: E999 IndentationError: unexpected indent
.\backups\critical_corrections_20250709_125919\copilot\orchestrators\LEGACY_DEPLOYMENT_ORCHESTRATOR_CLEANUP.py:32:22: E999 SyntaxError: closing parenthesis ']' does not match opening parenthesis '('
.\backups\critical_corrections_20250709_125919\copilot\orchestrators\UNIFIED_DEPLOYMENT_ORCHESTRATOR_CONSOLIDATED.py:64:26: E999 SyntaxError: closing parenthesis ']' does not match opening parenthesis '('
    logging.basicConfig(]
                         ^
.\backups\critical_corrections_20250709_125919\copilot\orchestrators\UNIFIED_DEPLOYMENT_ORCHESTRATOR_TEST_SUITE.py:36:22: E999 SyntaxError: closing parenthesis ']' does not match opening parenthesis '('
logging.basicConfig(]
                     ^
.\backups\critical_corrections_20250709_125919\copilot\orchestrators\final_enterprise_orchestrator.py:71:40: E999 SyntaxError: closing parenthesis ']' does not match opening parenthesis '('
.\backups\critical_corrections_20250709_125919\copilot\orchestrators\unified_deployment_orchestrator.py:76:26: E999 SyntaxError: closing parenthesis ']' does not match opening parenthesis '('
.\backups\critical_corrections_20250709_125919\database_consolidation_migration.py:126:61: E999 SyntaxError: closing parenthesis ']' does not match opening parenthesis '('
.\backups\critical_corrections_20250709_125919\database_sync_scheduler.py:16:22: E999 SyntaxError: closing parenthesis ']' does not match opening parenthesis '('
.\backups\critical_corrections_20250709_125919\deployment\install.py:21:9: E999 IndentationError: unexpected indent
.\backups\critical_corrections_20250709_130037\copilot\core\ADVANCED_AUTONOMOUS_FRAMEWORK_7_PHASE_COMPREHENSIVE_SCOPE.py:31:5: E999 IndentationError: unexpected indent
.\backups\critical_corrections_20250709_130037\copilot\core\autonomous_file_manager.py:36:12: E999 IndentationError: unexpected indent
           workspace_path or os.getenv("GH_COPILOT_WORKSPACE")
           ^
.\backups\critical_corrections_20250709_130037\copilot\core\enterprise_json_serialization_fix.py:35:13: E999 IndentationError: unexpected indent
.\backups\critical_corrections_20250709_130037\copilot\core\enterprise_orchestrator.py:46:13: E999 IndentationError: unexpected indent
            os.environ.get("GH_COPILOT_ROOT", os.getcwd()))
            ^
.\backups\critical_corrections_20250709_130037\copilot\core\enterprise_unicode_compatibility_fix.py:44:6: E999 SyntaxError: unmatched ')'
.\backups\critical_corrections_20250709_130037\copilot\core\final_deployment_validator.py:25:5: E999 IndentationError: unexpected indent
    format='%(asctime)s - %(levelname)s - %(message)s',
    ^
.\backups\critical_corrections_20250709_130037\copilot\core\frameworks\comprehensive_deployment_manager.py:27:5: E999 IndentationError: unexpected indent
.\backups\critical_corrections_20250709_130037\copilot\core\frameworks\intelligent_instruction_orchestrator.py:57:13: E999 IndentationError: unexpected indent
.\backups\critical_corrections_20250709_130037\copilot\core\frameworks\mission_completion_orchestrator.py:83:13: E999 IndentationError: unexpected indent
.\backups\critical_corrections_20250709_130037\copilot\orchestrators\LEGACY_DEPLOYMENT_ORCHESTRATOR_CLEANUP.py:33:5: E999 IndentationError: unexpected indent
.\backups\critical_corrections_20250709_130037\copilot\orchestrators\UNIFIED_DEPLOYMENT_ORCHESTRATOR_CONSOLIDATED.py:65:9: E999 IndentationError: unexpected indent
        format = '%(asctime)s - %(levelname)s - %(message)s',
        ^
.\backups\critical_corrections_20250709_130037\copilot\orchestrators\UNIFIED_DEPLOYMENT_ORCHESTRATOR_TEST_SUITE.py:37:5: E999 IndentationError: unexpected indent
    format = '%(asctime)s - %(levelname)s - %(message)s',
    ^
.\backups\critical_corrections_20250709_130037\copilot\orchestrators\final_enterprise_orchestrator.py:72:13: E999 IndentationError: unexpected indent
.\backups\critical_corrections_20250709_130037\copilot\orchestrators\unified_deployment_orchestrator.py:77:9: E999 IndentationError: unexpected indent
.\backups\critical_corrections_20250709_130037\database_consolidation_migration.py:127:45: E999 SyntaxError: closing parenthesis ')' does not match opening parenthesis '[' on line 80
.\backups\critical_corrections_20250709_130037\database_sync_scheduler.py:17:54: E999 SyntaxError: unmatched ')'
.\backups\critical_corrections_20250709_130037\deployment\install.py:21:9: E999 IndentationError: unexpected indent
.\comprehensive_syntax_fixer.py:15:1: F401 'os' imported but unused
import os
^
.\comprehensive_syntax_fixer.py:20:1: F401 'typing.List' imported but unused
from typing import List, Dict, Any
^
.\comprehensive_syntax_fixer.py:215:15: F541 f-string is missing placeholders
        print(f"\nSYNTAX FIXING COMPLETE!")
              ^
.\comprehensive_syntax_fixer.py:224:15: F541 f-string is missing placeholders
        print(f"Report saved to: syntax_fixes_report.json")
              ^
.\copilot\common\__init__.py:1:1: F401 '.workspace_utils.get_workspace_path' imported but unused
from .workspace_utils import get_workspace_path
^
.\copilot\core\ADVANCED_AUTONOMOUS_FRAMEWORK_7_PHASE_COMPREHENSIVE_SCOPE.py:31:5: E999 IndentationError: unexpected indent
.\copilot\core\autonomous_file_manager.py:36:12: E999 IndentationError: unexpected indent
           workspace_path or os.getenv("GH_COPILOT_WORKSPACE")
           ^
.\copilot\core\enterprise_json_serialization_fix.py:35:13: E999 IndentationError: unexpected indent
.\copilot\core\enterprise_orchestrator.py:46:13: E999 IndentationError: unexpected indent
            os.environ.get("GH_COPILOT_ROOT", os.getcwd()))
            ^
.\copilot\core\enterprise_unicode_compatibility_fix.py:44:6: E999 SyntaxError: unmatched ')'
.\copilot\core\final_deployment_validator.py:25:5: E999 IndentationError: unexpected indent
    format='%(asctime)s - %(levelname)s - %(message)s',
    ^
.\copilot\core\frameworks\comprehensive_deployment_manager.py:27:5: E999 IndentationError: unexpected indent
.\copilot\core\frameworks\intelligent_instruction_orchestrator.py:57:13: E999 IndentationError: unexpected indent
.\copilot\core\frameworks\mission_completion_orchestrator.py:83:13: E999 IndentationError: unexpected indent
.\copilot\orchestrators\LEGACY_DEPLOYMENT_ORCHESTRATOR_CLEANUP.py:33:5: E999 IndentationError: unexpected indent
.\copilot\orchestrators\UNIFIED_DEPLOYMENT_ORCHESTRATOR_CONSOLIDATED.py:65:9: E999 IndentationError: unexpected indent
        format = '%(asctime)s - %(levelname)s - %(message)s',
        ^
.\copilot\orchestrators\UNIFIED_DEPLOYMENT_ORCHESTRATOR_TEST_SUITE.py:37:5: E999 IndentationError: unexpected indent
    format = '%(asctime)s - %(levelname)s - %(message)s',
    ^
.\copilot\orchestrators\final_enterprise_orchestrator.py:72:13: E999 IndentationError: unexpected indent
.\copilot\orchestrators\unified_deployment_orchestrator.py:77:9: E999 IndentationError: unexpected indent
.\critical_flake8_error_corrector.py:5:80: E501 line too long (81 > 79 characters)
"""
CRITICAL FLAKE8 ERROR CORRECTOR SYSTEM
=====================================
Systematic correction of critical E999 syntax errors using pattern-based approach

DUAL COPILOT PATTERN: Primary Corrector + Secondary Validator
Visual Processing Indicators: Progress tracking, ETC calculation, completion metrics
Enterprise Database Integration: Analytics-driven correction patterns and learning

MISSION: Apply systematic error correction methodology to resolve 431 critical E999 syntax errors
based on comprehensive error analysis and validation.

Author: Enterprise Compliance System  
Version: 3.1.0 - Critical Error Resolution
Compliance: Enterprise Standards 2024
"""
   
                                      
                                    ^
.\critical_flake8_error_corrector.py:8:80: E501 line too long (84 > 79 characters)
"""
CRITICAL FLAKE8 ERROR CORRECTOR SYSTEM
=====================================
Systematic correction of critical E999 syntax errors using pattern-based approach

DUAL COPILOT PATTERN: Primary Corrector + Secondary Validator
Visual Processing Indicators: Progress tracking, ETC calculation, completion metrics
Enterprise Database Integration: Analytics-driven correction patterns and learning

MISSION: Apply systematic error correction methodology to resolve 431 critical E999 syntax errors
based on comprehensive error analysis and validation.

Author: Enterprise Compliance System  
Version: 3.1.0 - Critical Error Resolution
Compliance: Enterprise Standards 2024
"""
   
                                      
                                    ^
.\critical_flake8_error_corrector.py:9:80: E501 line too long (82 > 79 characters)
"""
CRITICAL FLAKE8 ERROR CORRECTOR SYSTEM
=====================================
Systematic correction of critical E999 syntax errors using pattern-based approach

DUAL COPILOT PATTERN: Primary Corrector + Secondary Validator
Visual Processing Indicators: Progress tracking, ETC calculation, completion metrics
Enterprise Database Integration: Analytics-driven correction patterns and learning

MISSION: Apply systematic error correction methodology to resolve 431 critical E999 syntax errors
based on comprehensive error analysis and validation.

Author: Enterprise Compliance System  
Version: 3.1.0 - Critical Error Resolution
Compliance: Enterprise Standards 2024
"""
   
                                      
                                    ^
.\critical_flake8_error_corrector.py:11:80: E501 line too long (97 > 79 characters)
"""
CRITICAL FLAKE8 ERROR CORRECTOR SYSTEM
=====================================
Systematic correction of critical E999 syntax errors using pattern-based approach

DUAL COPILOT PATTERN: Primary Corrector + Secondary Validator
Visual Processing Indicators: Progress tracking, ETC calculation, completion metrics
Enterprise Database Integration: Analytics-driven correction patterns and learning

MISSION: Apply systematic error correction methodology to resolve 431 critical E999 syntax errors
based on comprehensive error analysis and validation.

Author: Enterprise Compliance System  
Version: 3.1.0 - Critical Error Resolution
Compliance: Enterprise Standards 2024
"""
   
                                      
                                    ^
.\critical_flake8_error_corrector.py:14:37: W291 trailing whitespace
"""
CRITICAL FLAKE8 ERROR CORRECTOR SYSTEM
=====================================
Systematic correction of critical E999 syntax errors using pattern-based approach

DUAL COPILOT PATTERN: Primary Corrector + Secondary Validator
Visual Processing Indicators: Progress tracking, ETC calculation, completion metrics
Enterprise Database Integration: Analytics-driven correction patterns and learning

MISSION: Apply systematic error correction methodology to resolve 431 critical E999 syntax errors
based on comprehensive error analysis and validation.

Author: Enterprise Compliance System  
Version: 3.1.0 - Critical Error Resolution
Compliance: Enterprise Standards 2024
"""
   
                                ^
.\critical_flake8_error_corrector.py:23:1: F401 'sqlite3' imported but unused
import sqlite3
^
.\critical_flake8_error_corrector.py:27:1: F401 'typing.Tuple' imported but unused
from typing import Dict, List, Any, Optional, Tuple
^
.\critical_flake8_error_corrector.py:47:1: E302 expected 2 blank lines, found 1
@dataclass
^
.\critical_flake8_error_corrector.py:58:1: E302 expected 2 blank lines, found 1
@dataclass
^
.\critical_flake8_error_corrector.py:68:1: E302 expected 2 blank lines, found 1
class CriticalFlake8Corrector:
^
.\critical_flake8_error_corrector.py:70:1: W293 blank line contains whitespace
    
^
.\critical_flake8_error_corrector.py:73:80: E501 line too long (83 > 79 characters)
        self.analytics_db_path = self.workspace_root / 'databases' / 'analytics.db'
                                                                               ^
.\critical_flake8_error_corrector.py:75:1: W293 blank line contains whitespace
        
^
.\critical_flake8_error_corrector.py:79:80: E501 line too long (81 > 79 characters)
            r"closing parenthesis ']' does not match opening parenthesis '\('": {
                                                                               ^
.\critical_flake8_error_corrector.py:84:1: W293 blank line contains whitespace
            
^
.\critical_flake8_error_corrector.py:85:70: W291 trailing whitespace
            # Pattern 2: Missing opening bracket - ')' instead of '['  
                                                                     ^
.\critical_flake8_error_corrector.py:86:80: E501 line too long (82 > 79 characters)
            r"closing parenthesis '\)' does not match opening parenthesis '\['": {
                                                                               ^
.\critical_flake8_error_corrector.py:91:1: W293 blank line contains whitespace
            
^
.\critical_flake8_error_corrector.py:98:1: W293 blank line contains whitespace
            
^
.\critical_flake8_error_corrector.py:105:1: W293 blank line contains whitespace
            
^
.\critical_flake8_error_corrector.py:112:1: W293 blank line contains whitespace
            
^
.\critical_flake8_error_corrector.py:120:1: W293 blank line contains whitespace
        
^
.\critical_flake8_error_corrector.py:124:1: W293 blank line contains whitespace
        
^
.\critical_flake8_error_corrector.py:127:80: E501 line too long (83 > 79 characters)
        logger.info(f"Correction patterns loaded: {len(self.correction_patterns)}")
                                                                               ^
.\critical_flake8_error_corrector.py:132:1: W293 blank line contains whitespace
        
^
.\critical_flake8_error_corrector.py:134:80: E501 line too long (91 > 79 characters)
        analysis_files = list(self.workspace_root.glob("systematic_error_analysis_*.json"))
                                                                               ^
.\critical_flake8_error_corrector.py:136:80: E501 line too long (88 > 79 characters)
            logger.error("No systematic analysis found. Run systematic analysis first.")
                                                                               ^
.\critical_flake8_error_corrector.py:138:1: W293 blank line contains whitespace
        
^
.\critical_flake8_error_corrector.py:141:1: W293 blank line contains whitespace
        
^
.\critical_flake8_error_corrector.py:144:1: W293 blank line contains whitespace
        
^
.\critical_flake8_error_corrector.py:147:80: E501 line too long (99 > 79 characters)
            if error_data.get('error_code') == 'E999' and error_data.get('severity') == 'Critical':
                                                                               ^
.\critical_flake8_error_corrector.py:154:80: E501 line too long (101 > 79 characters)
                    correction_pattern=self._identify_correction_pattern(error_data['error_message'])
                                                                               ^
.\critical_flake8_error_corrector.py:157:1: W293 blank line contains whitespace
        
^
.\critical_flake8_error_corrector.py:158:80: E501 line too long (84 > 79 characters)
        logger.info(f"Loaded {len(critical_errors)} critical errors for correction")
                                                                               ^
.\critical_flake8_error_corrector.py:174:1: W293 blank line contains whitespace
                
^
.\critical_flake8_error_corrector.py:175:80: E501 line too long (99 > 79 characters)
            backup_dir = self.workspace_root / "backups" / f"critical_corrections_{self.timestamp}"
                                                                               ^
.\critical_flake8_error_corrector.py:177:1: W293 blank line contains whitespace
            
^
.\critical_flake8_error_corrector.py:182:1: W293 blank line contains whitespace
            
^
.\critical_flake8_error_corrector.py:186:1: W293 blank line contains whitespace
            
^
.\critical_flake8_error_corrector.py:189:1: W293 blank line contains whitespace
            
^
.\critical_flake8_error_corrector.py:194:80: E501 line too long (104 > 79 characters)
    def apply_correction_to_file(self, file_path: str, errors: List[CriticalError]) -> CorrectionResult:
                                                                               ^
.\critical_flake8_error_corrector.py:197:1: W293 blank line contains whitespace
        
^
.\critical_flake8_error_corrector.py:201:1: W293 blank line contains whitespace
            
^
.\critical_flake8_error_corrector.py:205:1: W293 blank line contains whitespace
            
^
.\critical_flake8_error_corrector.py:206:13: F841 local variable 'original_content' is assigned to but never used
            original_content = content
            ^
.\critical_flake8_error_corrector.py:208:1: W293 blank line contains whitespace
            
^
.\critical_flake8_error_corrector.py:209:80: E501 line too long (83 > 79 characters)
            # Sort errors by line number (descending) to avoid line number shifting
                                                                               ^
.\critical_flake8_error_corrector.py:210:80: E501 line too long (85 > 79 characters)
            sorted_errors = sorted(errors, key=lambda x: x.line_number, reverse=True)
                                                                               ^
.\critical_flake8_error_corrector.py:211:1: W293 blank line contains whitespace
            
^
.\critical_flake8_error_corrector.py:217:1: W293 blank line contains whitespace
                
^
.\critical_flake8_error_corrector.py:222:80: E501 line too long (84 > 79 characters)
                    logger.debug(f"Applied correction for line {error.line_number}")
                                                                               ^
.\critical_flake8_error_corrector.py:223:1: W293 blank line contains whitespace
            
^
.\critical_flake8_error_corrector.py:228:1: W293 blank line contains whitespace
                
^
.\critical_flake8_error_corrector.py:229:80: E501 line too long (81 > 79 characters)
                logger.info(f"Applied {errors_fixed} corrections to {file_path}")
                                                                               ^
.\critical_flake8_error_corrector.py:230:1: W293 blank line contains whitespace
            
^
.\critical_flake8_error_corrector.py:233:1: W293 blank line contains whitespace
            
^
.\critical_flake8_error_corrector.py:242:1: W293 blank line contains whitespace
            
^
.\critical_flake8_error_corrector.py:244:1: W293 blank line contains whitespace
            
^
.\critical_flake8_error_corrector.py:256:80: E501 line too long (99 > 79 characters)
    def _apply_pattern_correction(self, content: str, line_number: int, error_message: str) -> str:
                                                                               ^
.\critical_flake8_error_corrector.py:261:1: W293 blank line contains whitespace
        
^
.\critical_flake8_error_corrector.py:264:1: W293 blank line contains whitespace
        
^
.\critical_flake8_error_corrector.py:269:45: W291 trailing whitespace
                    pattern_info['pattern'], 
                                            ^
.\critical_flake8_error_corrector.py:270:49: W291 trailing whitespace
                    pattern_info['replacement'], 
                                                ^
.\critical_flake8_error_corrector.py:275:80: E501 line too long (96 > 79 characters)
                    logger.debug(f"Line {line_number}: '{original_line}' -> '{corrected_line}'")
                                                                               ^
.\critical_flake8_error_corrector.py:277:1: W293 blank line contains whitespace
        
^
.\critical_flake8_error_corrector.py:286:15: W291 trailing whitespace
            ], 
              ^
.\critical_flake8_error_corrector.py:287:13: E122 continuation line missing indentation or outdented
            capture_output=True, 
            ^
.\critical_flake8_error_corrector.py:287:33: W291 trailing whitespace
            capture_output=True, 
                                ^
.\critical_flake8_error_corrector.py:288:13: E122 continuation line missing indentation or outdented
            text=True,
            ^
.\critical_flake8_error_corrector.py:289:13: E122 continuation line missing indentation or outdented
            encoding='utf-8',
            ^
.\critical_flake8_error_corrector.py:290:13: E122 continuation line missing indentation or outdented
            errors='replace',
            ^
.\critical_flake8_error_corrector.py:291:13: E122 continuation line missing indentation or outdented
            timeout=30
            ^
.\critical_flake8_error_corrector.py:293:1: W293 blank line contains whitespace
            
^
.\critical_flake8_error_corrector.py:297:1: W293 blank line contains whitespace
            
^
.\critical_flake8_error_corrector.py:302:80: E501 line too long (98 > 79 characters)
    def group_errors_by_file(self, errors: List[CriticalError]) -> Dict[str, List[CriticalError]]:
                                                                               ^
.\critical_flake8_error_corrector.py:308:1: W293 blank line contains whitespace
            
^
.\critical_flake8_error_corrector.py:312:1: W293 blank line contains whitespace
        
^
.\critical_flake8_error_corrector.py:318:1: W293 blank line contains whitespace
        
^
.\critical_flake8_error_corrector.py:323:80: E501 line too long (81 > 79 characters)
            return {"status": "NO_ERRORS", "message": "No critical errors found"}
                                                                               ^
.\critical_flake8_error_corrector.py:324:1: W293 blank line contains whitespace
        
^
.\critical_flake8_error_corrector.py:327:1: W293 blank line contains whitespace
        
^
.\critical_flake8_error_corrector.py:336:1: W293 blank line contains whitespace
        
^
.\critical_flake8_error_corrector.py:337:80: E501 line too long (83 > 79 characters)
        logger.info(f"Processing {len(errors_by_file)} files with critical errors")
                                                                               ^
.\critical_flake8_error_corrector.py:338:1: W293 blank line contains whitespace
        
^
.\critical_flake8_error_corrector.py:339:80: E501 line too long (95 > 79 characters)
        with tqdm(total=len(errors_by_file), desc="Critical Corrections", unit="file") as pbar:
                                                                               ^
.\critical_flake8_error_corrector.py:340:1: W293 blank line contains whitespace
            
^
.\critical_flake8_error_corrector.py:343:1: W293 blank line contains whitespace
                
^
.\critical_flake8_error_corrector.py:345:80: E501 line too long (89 > 79 characters)
                correction_result = self.apply_correction_to_file(file_path, file_errors)
                                                                               ^
.\critical_flake8_error_corrector.py:346:1: W293 blank line contains whitespace
                
^
.\critical_flake8_error_corrector.py:350:1: W293 blank line contains whitespace
                
^
.\critical_flake8_error_corrector.py:355:1: W293 blank line contains whitespace
                
^
.\critical_flake8_error_corrector.py:358:1: W293 blank line contains whitespace
        
^
.\critical_flake8_error_corrector.py:360:80: E501 line too long (95 > 79 characters)
        report_file = self.workspace_root / f"critical_error_corrections_{self.timestamp}.json"
                                                                               ^
.\critical_flake8_error_corrector.py:363:1: W293 blank line contains whitespace
        
^
.\critical_flake8_error_corrector.py:368:1: W293 blank line contains whitespace
        
^
.\critical_flake8_error_corrector.py:378:1: W293 blank line contains whitespace
    
^
.\critical_flake8_error_corrector.py:382:1: W293 blank line contains whitespace
    
^
.\critical_flake8_error_corrector.py:394:1: W293 blank line contains whitespace
    
^
.\database_consolidation_migration.py:127:45: E999 SyntaxError: closing parenthesis ')' does not match opening parenthesis '[' on line 80
.\database_driven_flake8_corrector.py:5:80: E501 line too long (86 > 79 characters)
"""
ðŸŽ¯ ENTERPRISE DATABASE-DRIVEN FLAKE8 COMPLIANCE SYSTEM
====================================================
Comprehensive automated Flake8/PEP 8 compliance enforcement with database intelligence

DUAL COPILOT PATTERN: Primary Corrector + Secondary Validator
Visual Processing Indicators: Progress tracking, ETC calculation, completion metrics
Enterprise Database Integration: Analytics-driven correction patterns and learning

MISSION: Achieve zero Flake8 violations across entire repository while maintaining
enterprise compliance patterns and building intelligent correction database.

Author: Enterprise Compliance System
Version: 2.0.0 - Database-Driven Intelligence
Compliance: Enterprise Standards 2024
"""
   
                                                     
                     ^
.\database_driven_flake8_corrector.py:8:80: E501 line too long (84 > 79 characters)
"""
ðŸŽ¯ ENTERPRISE DATABASE-DRIVEN FLAKE8 COMPLIANCE SYSTEM
====================================================
Comprehensive automated Flake8/PEP 8 compliance enforcement with database intelligence

DUAL COPILOT PATTERN: Primary Corrector + Secondary Validator
Visual Processing Indicators: Progress tracking, ETC calculation, completion metrics
Enterprise Database Integration: Analytics-driven correction patterns and learning

MISSION: Achieve zero Flake8 violations across entire repository while maintaining
enterprise compliance patterns and building intelligent correction database.

Author: Enterprise Compliance System
Version: 2.0.0 - Database-Driven Intelligence
Compliance: Enterprise Standards 2024
"""
   
                                                     
                     ^
.\database_driven_flake8_corrector.py:9:80: E501 line too long (82 > 79 characters)
"""
ðŸŽ¯ ENTERPRISE DATABASE-DRIVEN FLAKE8 COMPLIANCE SYSTEM
====================================================
Comprehensive automated Flake8/PEP 8 compliance enforcement with database intelligence

DUAL COPILOT PATTERN: Primary Corrector + Secondary Validator
Visual Processing Indicators: Progress tracking, ETC calculation, completion metrics
Enterprise Database Integration: Analytics-driven correction patterns and learning

MISSION: Achieve zero Flake8 violations across entire repository while maintaining
enterprise compliance patterns and building intelligent correction database.

Author: Enterprise Compliance System
Version: 2.0.0 - Database-Driven Intelligence
Compliance: Enterprise Standards 2024
"""
   
                                                     
                     ^
.\database_driven_flake8_corrector.py:11:80: E501 line too long (82 > 79 characters)
"""
ðŸŽ¯ ENTERPRISE DATABASE-DRIVEN FLAKE8 COMPLIANCE SYSTEM
====================================================
Comprehensive automated Flake8/PEP 8 compliance enforcement with database intelligence

DUAL COPILOT PATTERN: Primary Corrector + Secondary Validator
Visual Processing Indicators: Progress tracking, ETC calculation, completion metrics
Enterprise Database Integration: Analytics-driven correction patterns and learning

MISSION: Achieve zero Flake8 violations across entire repository while maintaining
enterprise compliance patterns and building intelligent correction database.

Author: Enterprise Compliance System
Version: 2.0.0 - Database-Driven Intelligence
Compliance: Enterprise Standards 2024
"""
   
                                                     
                     ^
.\database_driven_flake8_corrector.py:20:1: F401 'sys' imported but unused
import sys
^
.\database_driven_flake8_corrector.py:21:1: F401 'json' imported but unused
import json
^
.\database_driven_flake8_corrector.py:30:1: F401 'dataclasses.asdict' imported but unused
from dataclasses import dataclass, asdict
^
.\database_driven_flake8_corrector.py:169:80: E501 line too long (83 > 79 characters)
        self.analytics_db_path = self.workspace_path / 'databases' / 'analytics.db'
                                                                               ^
.\database_driven_flake8_corrector.py:178:80: E501 line too long (98 > 79 characters)
                VISUAL_INDICATORS['target']} ENTERPRISE FLAKE8 COMPLIANCE SYSTEM INITIALIZING...")
                                                                               ^
.\database_driven_flake8_corrector.py:180:80: E501 line too long (92 > 79 characters)
            f"{VISUAL_INDICATORS['database']} Analytics Database: {self.analytics_db_path}")
                                                                               ^
.\database_driven_flake8_corrector.py:198:80: E501 line too long (86 > 79 characters)
            f"{VISUAL_INDICATORS['success']} Enterprise Flake8 Corrector initialized")
                                                                               ^
.\database_driven_flake8_corrector.py:252:80: E501 line too long (83 > 79 characters)
                    f"{VISUAL_INDICATORS['database']} Database schema initialized")
                                                                               ^
.\database_driven_flake8_corrector.py:258:80: E501 line too long (86 > 79 characters)
        """Load existing correction patterns from database or initialize basic ones"""
                                                                               ^
.\database_driven_flake8_corrector.py:263:80: E501 line too long (133 > 79 characters)
                    'SELECT pattern_id, error_code, regex, template, confidence, usage_count, success_rate FROM correction_patterns')
                                                                               ^
.\database_driven_flake8_corrector.py:266:80: E501 line too long (97 > 79 characters)
                    pattern_id, error_code, regex, template, confidence, usage, success = pattern
                                                                               ^
.\database_driven_flake8_corrector.py:276:80: E501 line too long (98 > 79 characters)
                    f"{VISUAL_INDICATORS['database']} Loaded {len(patterns)} correction patterns")
                                                                               ^
.\database_driven_flake8_corrector.py:296:80: E501 line too long (99 > 79 characters)
                                    'regex': r'^(\s*)(import\s+\S+|from\s+\S+\s+import\s+\S+)\s*$',
                                                                               ^
.\database_driven_flake8_corrector.py:301:80: E501 line too long (81 > 79 characters)
            f"{VISUAL_INDICATORS['info']} Initialized basic correction patterns")
                                                                               ^
.\database_driven_flake8_corrector.py:304:80: E501 line too long (83 > 79 characters)
        """ðŸ” Scan entire repository for Flake8 violations with visual indicators"""
                                                                               ^
.\database_driven_flake8_corrector.py:307:80: E501 line too long (91 > 79 characters)
                VISUAL_INDICATORS['search']} SCANNING REPOSITORY FOR FLAKE8 VIOLATIONS...")
                                                                               ^
.\database_driven_flake8_corrector.py:321:80: E501 line too long (93 > 79 characters)
            f"{VISUAL_INDICATORS['info']} Found {len(python_files)} Python files to analyze")
                                                                               ^
.\database_driven_flake8_corrector.py:324:80: E501 line too long (85 > 79 characters)
        with tqdm(total=len(python_files), desc="Scanning files", ncols=100) as pbar:
                                                                               ^
.\database_driven_flake8_corrector.py:345:80: E501 line too long (88 > 79 characters)
        secondary_valid, secondary_msg = self.dual_copilot.secondary_copilot_validation(
                                                                               ^
.\database_driven_flake8_corrector.py:351:80: E501 line too long (96 > 79 characters)
            f"{VISUAL_INDICATORS['success']} Scan complete: {len(violations)} violations found")
                                                                               ^
.\database_driven_flake8_corrector.py:377:25: F841 local variable 'file_path_part' is assigned to but never used
                        file_path_part = match.group(1)
                        ^
.\database_driven_flake8_corrector.py:441:80: E501 line too long (94 > 79 characters)
        with tqdm(total=len(violations_by_file), desc="Fixing violations", ncols=100) as pbar:
                                                                               ^
.\database_driven_flake8_corrector.py:461:80: E501 line too long (89 > 79 characters)
            'success_rate': corrections_applied / len(violations) if violations else 0.0}
                                                                               ^
.\database_driven_flake8_corrector.py:464:80: E501 line too long (104 > 79 characters)
            f"{VISUAL_INDICATORS['success']} Corrections complete: {corrections_applied} fixes applied")
                                                                               ^
.\database_driven_flake8_corrector.py:485:80: E501 line too long (80 > 79 characters)
                    f"Applied {corrections_applied} corrections to {file_path}")
                                                                               ^
.\database_driven_flake8_corrector.py:511:80: E501 line too long (96 > 79 characters)
                        elif not original_line.endswith('\n') and corrected_line.endswith('\n'):
                                                                               ^
.\database_driven_flake8_corrector.py:535:80: E501 line too long (84 > 79 characters)
                ) + '\n' if original_line.endswith('\n') else original_line.rstrip()
                                                                               ^
.\database_driven_flake8_corrector.py:561:80: E501 line too long (83 > 79 characters)
                    '''
                    INSERT INTO violations (
                        file_path, line_number, column_number, error_code, message,
                        severity, original_line, corrected_line, correction_method, timestamp, resolved
                    ) VALUES (?, ?, ?, ?, ?, ?, ?, ?, ?, ?, 1)
                    ''',
                       
                                            
          ^
.\database_driven_flake8_corrector.py:562:80: E501 line too long (103 > 79 characters)
                    '''
                    INSERT INTO violations (
                        file_path, line_number, column_number, error_code, message,
                        severity, original_line, corrected_line, correction_method, timestamp, resolved
                    ) VALUES (?, ?, ?, ?, ?, ?, ?, ?, ?, ?, 1)
                    ''',
                       
                                            
          ^
.\database_driven_flake8_corrector.py:601:80: E501 line too long (80 > 79 characters)
            'session_id': f"SESSION_{datetime.now().strftime('%Y%m%d_%H%M%S')}",
                                                                               ^
.\database_driven_flake8_corrector.py:609:80: E501 line too long (100 > 79 characters)
            'compliance_status': 'COMPLIANT' if remaining_violations == 0 else 'PARTIAL_COMPLIANCE',
                                                                               ^
.\database_driven_flake8_corrector.py:610:80: E501 line too long (82 > 79 characters)
            'dual_copilot_validation_points': self.dual_copilot.validation_points,
                                                                               ^
.\database_driven_flake8_corrector.py:616:80: E501 line too long (83 > 79 characters)
                VISUAL_INDICATORS['success']} ENTERPRISE FLAKE8 COMPLIANCE REPORT")
                                                                               ^
.\database_driven_flake8_corrector.py:656:80: E501 line too long (92 > 79 characters)
                    f"{VISUAL_INDICATORS['database']} Compliance session saved to database")
                                                                               ^
.\database_driven_flake8_corrector.py:666:80: E501 line too long (94 > 79 characters)
            VISUAL_INDICATORS['target']} ENTERPRISE DATABASE-DRIVEN FLAKE8 COMPLIANCE SYSTEM")
                                                                               ^
.\database_driven_flake8_corrector.py:670:80: E501 line too long (80 > 79 characters)
    print("ðŸ“Š FEATURES: Visual processing indicators, anti-recursion protection")
                                                                               ^
.\database_driven_flake8_corrector.py:683:80: E501 line too long (91 > 79 characters)
                    VISUAL_INDICATORS['success']} REPOSITORY IS ALREADY FLAKE8 COMPLIANT!")
                                                                               ^
.\database_driven_flake8_corrector.py:687:9: F841 local variable 'correction_results' is assigned to but never used
        correction_results = corrector.apply_intelligent_corrections(
        ^
.\database_driven_flake8_corrector.py:697:80: E501 line too long (97 > 79 characters)
                    VISUAL_INDICATORS['success']} MISSION ACCOMPLISHED: ZERO FLAKE8 VIOLATIONS!")
                                                                               ^
.\database_driven_flake8_corrector.py:701:80: E501 line too long (80 > 79 characters)
                    compliance_report['violations_found']} violations resolved")
                                                                               ^
.\database_driven_flake8_corrector.py:710:80: E501 line too long (100 > 79 characters)
                    compliance_report['violations_remaining']} violations require manual attention")
                                                                               ^
.\database_driven_flake8_corrector.py:722:80: E501 line too long (89 > 79 characters)
            'analytics_db_exists': Path("E:/gh_COPILOT/databases/analytics.db").exists(),
                                                                               ^
.\database_sync_scheduler.py:17:54: E999 SyntaxError: unmatched ')'
.\deployment\install.py:21:9: E999 IndentationError: unexpected indent
.\deployment_migration_script.py:72:80: E501 line too long (86 > 79 characters)
    """ðŸ”„ Orchestrates migration from multiple deployment scripts to unified version"""
                                                                               ^
.\deployment_migration_script.py:93:80: E501 line too long (90 > 79 characters)
            f"{VISUAL_INDICATORS['start']} DEPLOYMENT MIGRATION ORCHESTRATOR INITIALIZED")
                                                                               ^
.\deployment_migration_script.py:136:80: E501 line too long (90 > 79 characters)
                            functionality=self._analyze_script_functionality(script_path))
                                                                               ^
.\deployment_migration_script.py:141:80: E501 line too long (98 > 79 characters)
                            f"{VISUAL_INDICATORS['warning']} Error processing {script_path}: {e}")
                                                                               ^
.\deployment_migration_script.py:153:80: E501 line too long (80 > 79 characters)
                "Web GUI deployment": ["web_gui", "flask", "html", "templates"],
                                                                               ^
.\deployment_migration_script.py:157:80: E501 line too long (80 > 79 characters)
                "Python environment": ["python", "venv", "pip", "requirements"],
                                                                               ^
.\deployment_migration_script.py:159:80: E501 line too long (82 > 79 characters)
                "Enterprise features": ["enterprise", "production", "monitoring"],
                                                                               ^
.\deployment_migration_script.py:160:80: E501 line too long (81 > 79 characters)
                "DUAL COPILOT": ["dual_copilot", "DUAL_COPILOT", "orchestrator"],
                                                                               ^
.\deployment_migration_script.py:172:80: E501 line too long (91 > 79 characters)
                detected_functionality) if detected_functionality else "General deployment"
                                                                               ^
.\deployment_migration_script.py:176:80: E501 line too long (87 > 79 characters)
                f"{VISUAL_INDICATORS['warning']} Could not analyze {script_path}: {e}")
                                                                               ^
.\deployment_migration_script.py:182:80: E501 line too long (85 > 79 characters)
            f"{VISUAL_INDICATORS['start']} EXECUTING DEPLOYMENT SCRIPT MIGRATION...")
                                                                               ^
.\deployment_migration_script.py:194:80: E501 line too long (102 > 79 characters)
            with tqdm(total=len(migration_phases), desc="ðŸ”„ Migration Progress", unit="phase") as pbar:
                                                                               ^
.\deployment_migration_script.py:202:80: E501 line too long (88 > 79 characters)
                                f"{VISUAL_INDICATORS['success']} {phase_name}: SUCCESS")
                                                                               ^
.\deployment_migration_script.py:206:80: E501 line too long (81 > 79 characters)
                                    VISUAL_INDICATORS['warning']} {phase_name}: {
                                                                               ^
.\deployment_migration_script.py:206:80: E501 line too long (81 > 79 characters)
                                    VISUAL_INDICATORS['warning']} {phase_name}: {
                                                                               ^
.\deployment_migration_script.py:223:80: E501 line too long (81 > 79 characters)
                f"{VISUAL_INDICATORS['success']} DEPLOYMENT MIGRATION COMPLETED")
                                                                               ^
.\deployment_migration_script.py:253:80: E501 line too long (90 > 79 characters)
            "estimated_consolidation_reduction": f"{len(self.deployment_scripts)}:1 ratio"
                                                                               ^
.\deployment_migration_script.py:260:80: E501 line too long (80 > 79 characters)
                    self.deployment_scripts)} scripts â†’ 1 unified orchestrator")
                                                                               ^
.\deployment_migration_script.py:262:80: E501 line too long (107 > 79 characters)
            f"{VISUAL_INDICATORS['info']} Size reduction: {total_size / (1024 * 1024):.1f}MB consolidated")
                                                                               ^
.\deployment_migration_script.py:279:80: E501 line too long (96 > 79 characters)
                        if f"import {other_name}" in content or f"from {other_name}" in content:
                                                                               ^
.\deployment_migration_script.py:285:80: E501 line too long (110 > 79 characters)
                    f"{VISUAL_INDICATORS['warning']} Could not check dependencies for {script.filename}: {e}")
                                                                               ^
.\deployment_migration_script.py:295:80: E501 line too long (85 > 79 characters)
        archive_dir = self.workspace_root / "scripts" / "archived_deployment_scripts"
                                                                               ^
.\deployment_migration_script.py:316:80: E501 line too long (80 > 79 characters)
            f"{VISUAL_INDICATORS['success']} Migration plan saved: {plan_file}")
                                                                               ^
.\deployment_migration_script.py:323:80: E501 line too long (82 > 79 characters)
            f"{VISUAL_INDICATORS['archive']} Archiving old deployment scripts...")
                                                                               ^
.\deployment_migration_script.py:331:80: E501 line too long (94 > 79 characters)
        with tqdm(self.deployment_scripts, desc="ðŸ“¦ Archiving Scripts", unit="script") as pbar:
                                                                               ^
.\deployment_migration_script.py:363:80: E501 line too long (97 > 79 characters)
                        f"{VISUAL_INDICATORS['error']} Failed to archive {script.filename}: {e}")
                                                                               ^
.\deployment_migration_script.py:384:80: E501 line too long (89 > 79 characters)
        unified_orchestrator = self.workspace_root / "unified_deployment_orchestrator.py"
                                                                               ^
.\deployment_migration_script.py:388:80: E501 line too long (107 > 79 characters)
                f"{VISUAL_INDICATORS['warning']} Unified orchestrator not found at {unified_orchestrator}")
                                                                               ^
.\deployment_migration_script.py:434:80: E501 line too long (88 > 79 characters)
                    if f"import {old_name}" in content or f"from {old_name}" in content:
                                                                               ^
.\deployment_migration_script.py:441:80: E501 line too long (89 > 79 characters)
                    migration_comment = f"""
# MIGRATION NOTE: Deployment scripts consolidated into unified_deployment_orchestrator.py
# Migration ID: {self.migration_id}
# Date: {datetime.now().strftime('%Y-%m-%d %H:%M:%S')}
# Old scripts archived in: scripts/archived_deployment_scripts/{self.migration_id}/
"""
                                            
                                  ^
.\deployment_migration_script.py:444:80: E501 line too long (83 > 79 characters)
                    migration_comment = f"""
# MIGRATION NOTE: Deployment scripts consolidated into unified_deployment_orchestrator.py
# Migration ID: {self.migration_id}
# Date: {datetime.now().strftime('%Y-%m-%d %H:%M:%S')}
# Old scripts archived in: scripts/archived_deployment_scripts/{self.migration_id}/
"""
                                            
                                  ^
.\deployment_migration_script.py:464:80: E501 line too long (97 > 79 characters)
                    f"{VISUAL_INDICATORS['warning']} Could not update imports in {py_file}: {e}")
                                                                               ^
.\deployment_migration_script.py:478:80: E501 line too long (113 > 79 characters)
        guide_content = f"""# Deployment Script Migration Guide
=======================================

**Migration ID:** {self.migration_id}
**Date:** {datetime.now().strftime('%Y-%m-%d %H:%M:%S')}

## Migration Summary

This migration consolidated {len(self.deployment_scripts)} deployment scripts into a single unified orchestrator:

### Consolidated Scripts:
"""
                                                               
               ^
.\deployment_migration_script.py:484:80: E501 line too long (80 > 79 characters)
            guide_content += f"- `{script.filename}` - {script.functionality}\n"
                                                                               ^
.\deployment_migration_script.py:496:80: E501 line too long (90 > 79 characters)
        guide_content += f"""

### New Unified Script:
- `unified_deployment_orchestrator.py` - Combines all deployment functionality

## Usage Changes

### Before Migration:
```python
# Multiple script approach
from enterprise_gh_copilot_deployment_orchestrator import EnterpriseDeploymentOrchestrator
from integrated_deployment_orchestrator import IntegratedDeploymentOrchestrator
```

### After Migration:
```python
# Unified approach
from unified_deployment_orchestrator import UnifiedEnterpriseDeploymentOrchestrator, UnifiedDeploymentConfig, DeploymentMode

# Create configuration
config = UnifiedDeploymentConfig(
    deployment_mode=DeploymentMode.SANDBOX,
    deploy_databases=True,
    deploy_scripts=True,
    deploy_web_gui=True
)

# Execute deployment
orchestrator = UnifiedEnterpriseDeploymentOrchestrator(config)
result = orchestrator.execute_unified_deployment()
```

## Benefits of Migration

1. **Simplified codebase** - One script instead of {len(self.deployment_scripts)}
2. **Unified configuration** - Single configuration system
3. **Cross-platform support** - Built-in Windows/Linux/macOS compatibility
4. **Enhanced features** - Combined best features from all scripts
5. **Better maintenance** - Single point of updates and bug fixes

## Rollback Instructions

If you need to rollback to the old scripts:

1. Scripts are archived in: `scripts/archived_deployment_scripts/{self.migration_id}/`
2. Restore scripts to their original locations
3. Revert import changes using `.migration_backup` files
4. Remove migration comments from updated files

## Archived Scripts Location

All original scripts have been archived to:
`scripts/archived_deployment_scripts/{self.migration_id}/`

Each script includes a `.metadata.json` file with original location and migration details.

## Support

For issues related to this migration, reference Migration ID: `{self.migration_id}`
"""
                             

                       
                        ^
.\deployment_migration_script.py:503:80: E501 line too long (124 > 79 characters)
        guide_content += f"""

### New Unified Script:
- `unified_deployment_orchestrator.py` - Combines all deployment functionality

## Usage Changes

### Before Migration:
```python
# Multiple script approach
from enterprise_gh_copilot_deployment_orchestrator import EnterpriseDeploymentOrchestrator
from integrated_deployment_orchestrator import IntegratedDeploymentOrchestrator
```

### After Migration:
```python
# Unified approach
from unified_deployment_orchestrator import UnifiedEnterpriseDeploymentOrchestrator, UnifiedDeploymentConfig, DeploymentMode

# Create configuration
config = UnifiedDeploymentConfig(
    deployment_mode=DeploymentMode.SANDBOX,
    deploy_databases=True,
    deploy_scripts=True,
    deploy_web_gui=True
)

# Execute deployment
orchestrator = UnifiedEnterpriseDeploymentOrchestrator(config)
result = orchestrator.execute_unified_deployment()
```

## Benefits of Migration

1. **Simplified codebase** - One script instead of {len(self.deployment_scripts)}
2. **Unified configuration** - Single configuration system
3. **Cross-platform support** - Built-in Windows/Linux/macOS compatibility
4. **Enhanced features** - Combined best features from all scripts
5. **Better maintenance** - Single point of updates and bug fixes

## Rollback Instructions

If you need to rollback to the old scripts:

1. Scripts are archived in: `scripts/archived_deployment_scripts/{self.migration_id}/`
2. Restore scripts to their original locations
3. Revert import changes using `.migration_backup` files
4. Remove migration comments from updated files

## Archived Scripts Location

All original scripts have been archived to:
`scripts/archived_deployment_scripts/{self.migration_id}/`

Each script includes a `.metadata.json` file with original location and migration details.

## Support

For issues related to this migration, reference Migration ID: `{self.migration_id}`
"""
                             

                       
                        ^
.\deployment_migration_script.py:520:80: E501 line too long (81 > 79 characters)
        guide_content += f"""

### New Unified Script:
- `unified_deployment_orchestrator.py` - Combines all deployment functionality

## Usage Changes

### Before Migration:
```python
# Multiple script approach
from enterprise_gh_copilot_deployment_orchestrator import EnterpriseDeploymentOrchestrator
from integrated_deployment_orchestrator import IntegratedDeploymentOrchestrator
```

### After Migration:
```python
# Unified approach
from unified_deployment_orchestrator import UnifiedEnterpriseDeploymentOrchestrator, UnifiedDeploymentConfig, DeploymentMode

# Create configuration
config = UnifiedDeploymentConfig(
    deployment_mode=DeploymentMode.SANDBOX,
    deploy_databases=True,
    deploy_scripts=True,
    deploy_web_gui=True
)

# Execute deployment
orchestrator = UnifiedEnterpriseDeploymentOrchestrator(config)
result = orchestrator.execute_unified_deployment()
```

## Benefits of Migration

1. **Simplified codebase** - One script instead of {len(self.deployment_scripts)}
2. **Unified configuration** - Single configuration system
3. **Cross-platform support** - Built-in Windows/Linux/macOS compatibility
4. **Enhanced features** - Combined best features from all scripts
5. **Better maintenance** - Single point of updates and bug fixes

## Rollback Instructions

If you need to rollback to the old scripts:

1. Scripts are archived in: `scripts/archived_deployment_scripts/{self.migration_id}/`
2. Restore scripts to their original locations
3. Revert import changes using `.migration_backup` files
4. Remove migration comments from updated files

## Archived Scripts Location

All original scripts have been archived to:
`scripts/archived_deployment_scripts/{self.migration_id}/`

Each script includes a `.metadata.json` file with original location and migration details.

## Support

For issues related to this migration, reference Migration ID: `{self.migration_id}`
"""
                             

                       
                        ^
.\deployment_migration_script.py:530:80: E501 line too long (86 > 79 characters)
        guide_content += f"""

### New Unified Script:
- `unified_deployment_orchestrator.py` - Combines all deployment functionality

## Usage Changes

### Before Migration:
```python
# Multiple script approach
from enterprise_gh_copilot_deployment_orchestrator import EnterpriseDeploymentOrchestrator
from integrated_deployment_orchestrator import IntegratedDeploymentOrchestrator
```

### After Migration:
```python
# Unified approach
from unified_deployment_orchestrator import UnifiedEnterpriseDeploymentOrchestrator, UnifiedDeploymentConfig, DeploymentMode

# Create configuration
config = UnifiedDeploymentConfig(
    deployment_mode=DeploymentMode.SANDBOX,
    deploy_databases=True,
    deploy_scripts=True,
    deploy_web_gui=True
)

# Execute deployment
orchestrator = UnifiedEnterpriseDeploymentOrchestrator(config)
result = orchestrator.execute_unified_deployment()
```

## Benefits of Migration

1. **Simplified codebase** - One script instead of {len(self.deployment_scripts)}
2. **Unified configuration** - Single configuration system
3. **Cross-platform support** - Built-in Windows/Linux/macOS compatibility
4. **Enhanced features** - Combined best features from all scripts
5. **Better maintenance** - Single point of updates and bug fixes

## Rollback Instructions

If you need to rollback to the old scripts:

1. Scripts are archived in: `scripts/archived_deployment_scripts/{self.migration_id}/`
2. Restore scripts to their original locations
3. Revert import changes using `.migration_backup` files
4. Remove migration comments from updated files

## Archived Scripts Location

All original scripts have been archived to:
`scripts/archived_deployment_scripts/{self.migration_id}/`

Each script includes a `.metadata.json` file with original location and migration details.

## Support

For issues related to this migration, reference Migration ID: `{self.migration_id}`
"""
                             

                       
                        ^
.\deployment_migration_script.py:540:80: E501 line too long (90 > 79 characters)
        guide_content += f"""

### New Unified Script:
- `unified_deployment_orchestrator.py` - Combines all deployment functionality

## Usage Changes

### Before Migration:
```python
# Multiple script approach
from enterprise_gh_copilot_deployment_orchestrator import EnterpriseDeploymentOrchestrator
from integrated_deployment_orchestrator import IntegratedDeploymentOrchestrator
```

### After Migration:
```python
# Unified approach
from unified_deployment_orchestrator import UnifiedEnterpriseDeploymentOrchestrator, UnifiedDeploymentConfig, DeploymentMode

# Create configuration
config = UnifiedDeploymentConfig(
    deployment_mode=DeploymentMode.SANDBOX,
    deploy_databases=True,
    deploy_scripts=True,
    deploy_web_gui=True
)

# Execute deployment
orchestrator = UnifiedEnterpriseDeploymentOrchestrator(config)
result = orchestrator.execute_unified_deployment()
```

## Benefits of Migration

1. **Simplified codebase** - One script instead of {len(self.deployment_scripts)}
2. **Unified configuration** - Single configuration system
3. **Cross-platform support** - Built-in Windows/Linux/macOS compatibility
4. **Enhanced features** - Combined best features from all scripts
5. **Better maintenance** - Single point of updates and bug fixes

## Rollback Instructions

If you need to rollback to the old scripts:

1. Scripts are archived in: `scripts/archived_deployment_scripts/{self.migration_id}/`
2. Restore scripts to their original locations
3. Revert import changes using `.migration_backup` files
4. Remove migration comments from updated files

## Archived Scripts Location

All original scripts have been archived to:
`scripts/archived_deployment_scripts/{self.migration_id}/`

Each script includes a `.metadata.json` file with original location and migration details.

## Support

For issues related to this migration, reference Migration ID: `{self.migration_id}`
"""
                             

                       
                        ^
.\deployment_migration_script.py:544:80: E501 line too long (83 > 79 characters)
        guide_content += f"""

### New Unified Script:
- `unified_deployment_orchestrator.py` - Combines all deployment functionality

## Usage Changes

### Before Migration:
```python
# Multiple script approach
from enterprise_gh_copilot_deployment_orchestrator import EnterpriseDeploymentOrchestrator
from integrated_deployment_orchestrator import IntegratedDeploymentOrchestrator
```

### After Migration:
```python
# Unified approach
from unified_deployment_orchestrator import UnifiedEnterpriseDeploymentOrchestrator, UnifiedDeploymentConfig, DeploymentMode

# Create configuration
config = UnifiedDeploymentConfig(
    deployment_mode=DeploymentMode.SANDBOX,
    deploy_databases=True,
    deploy_scripts=True,
    deploy_web_gui=True
)

# Execute deployment
orchestrator = UnifiedEnterpriseDeploymentOrchestrator(config)
result = orchestrator.execute_unified_deployment()
```

## Benefits of Migration

1. **Simplified codebase** - One script instead of {len(self.deployment_scripts)}
2. **Unified configuration** - Single configuration system
3. **Cross-platform support** - Built-in Windows/Linux/macOS compatibility
4. **Enhanced features** - Combined best features from all scripts
5. **Better maintenance** - Single point of updates and bug fixes

## Rollback Instructions

If you need to rollback to the old scripts:

1. Scripts are archived in: `scripts/archived_deployment_scripts/{self.migration_id}/`
2. Restore scripts to their original locations
3. Revert import changes using `.migration_backup` files
4. Remove migration comments from updated files

## Archived Scripts Location

All original scripts have been archived to:
`scripts/archived_deployment_scripts/{self.migration_id}/`

Each script includes a `.metadata.json` file with original location and migration details.

## Support

For issues related to this migration, reference Migration ID: `{self.migration_id}`
"""
                             

                       
                        ^
.\deployment_migration_script.py:571:80: E501 line too long (81 > 79 characters)
        unified_path = self.workspace_root / "unified_deployment_orchestrator.py"
                                                                               ^
.\deployment_migration_script.py:572:80: E501 line too long (81 > 79 characters)
        validation_results["unified_orchestrator_exists"] = unified_path.exists()
                                                                               ^
.\deployment_migration_script.py:619:80: E501 line too long (110 > 79 characters)
            "success_rate": (self.migration_results["scripts_migrated"] / len(self.deployment_scripts)) * 100,
                                                                               ^
.\deployment_migration_script.py:620:80: E501 line too long (124 > 79 characters)
            "status": "SUCCESS" if self.migration_results["scripts_migrated"] == len(self.deployment_scripts) else "PARTIAL"
                                                                               ^
.\deployment_migration_script.py:667:80: E501 line too long (80 > 79 characters)
    print("Consolidating multiple deployment scripts into unified orchestrator")
                                                                               ^
.\disaster_recovery\backups\HIGH_UNIFIED_DEPLOYMENT_ORCHESTRATOR_CONSOLIDATED.py:63:26: E999 SyntaxError: closing parenthesis ']' does not match opening parenthesis '('
    logging.basicConfig(]
                         ^
.\disaster_recovery\backups\HIGH_UNIFIED_DEPLOYMENT_ORCHESTRATOR_TEST_SUITE.py:36:22: E999 SyntaxError: closing parenthesis ']' does not match opening parenthesis '('
logging.basicConfig(]
                     ^
.\disaster_recovery\backups\HIGH_unified_database_management_system.py:43:22: E999 SyntaxError: closing parenthesis ']' does not match opening parenthesis '('
.\disaster_recovery\backups\HIGH_unified_deployment_orchestrator.py:74:26: E999 SyntaxError: closing parenthesis ']' does not match opening parenthesis '('
.\disaster_recovery\backups\HIGH_unified_disaster_recovery_system.py:45:22: E999 SyntaxError: closing parenthesis ']' does not match opening parenthesis '('
.\disaster_recovery_consolidation_executor.py:34:22: E999 SyntaxError: closing parenthesis ']' does not match opening parenthesis '('
.\documentation\session_wrap_up_generator.py:19:33: E999 SyntaxError: closing parenthesis ']' does not match opening parenthesis '{'
        "deployment_summary": {]
                                ^
.\enhanced_database_driven_flake8_corrector.py:30:1: F401 'typing.Set' imported but unused
from typing import Dict, List, Optional, Any, Tuple, Set
^
.\enhanced_database_driven_flake8_corrector.py:32:1: F401 'contextlib.contextmanager' imported but unused
from contextlib import contextmanager
^
.\enhanced_database_driven_flake8_corrector.py:33:1: F401 'concurrent.futures.ThreadPoolExecutor' imported but unused
from concurrent.futures import ThreadPoolExecutor, as_completed
^
.\enhanced_database_driven_flake8_corrector.py:33:1: F401 'concurrent.futures.as_completed' imported but unused
from concurrent.futures import ThreadPoolExecutor, as_completed
^
.\enhanced_database_driven_flake8_corrector.py:420:80: E501 line too long (94 > 79 characters)
                f"{VISUAL_INDICATORS['success']} Discovered {len(python_files)} Python files")
                                                                               ^
.\enhanced_database_driven_flake8_corrector.py:545:80: E501 line too long (81 > 79 characters)
            f"{VISUAL_INDICATORS['quantum']} Applying quantum categorization...")
                                                                               ^
.\enhanced_database_driven_flake8_corrector.py:599:80: E501 line too long (103 > 79 characters)
            with tqdm(desc="ðŸ”§ Applying Corrections", total=len(file_violations), unit="files") as pbar:
                                                                               ^
.\enhanced_database_driven_flake8_corrector.py:603:80: E501 line too long (80 > 79 characters)
                            file_path, file_violations_list, correction_patterns
                                                                               ^
.\enhanced_database_driven_flake8_corrector.py:613:80: E501 line too long (87 > 79 characters)
                            progress, f"Corrected {corrections_applied} violations in {
                                                                               ^
.\enhanced_database_driven_flake8_corrector.py:613:80: E501 line too long (87 > 79 characters)
                            progress, f"Corrected {corrections_applied} violations in {
                                                                               ^
.\enhanced_database_driven_flake8_corrector.py:627:80: E501 line too long (85 > 79 characters)
                80.0, f"Automated corrections complete: {corrections_applied} fixed")
                                                                               ^
.\enhanced_database_driven_flake8_corrector.py:686:80: E501 line too long (81 > 79 characters)
                    f"âœ… Corrected {corrections_count} violations in {file_path}")
                                                                               ^
.\enhanced_database_driven_flake8_corrector.py:730:80: E501 line too long (84 > 79 characters)
        elif violation.error_code == 'E265':  # Block comment should start with '# '
                                                                               ^
.\enhanced_database_driven_flake8_corrector.py:765:80: E501 line too long (95 > 79 characters)
                f"{VISUAL_INDICATORS['success'] if success else VISUAL_INDICATORS['warning']} "
                                                                               ^
.\enhanced_database_driven_flake8_corrector.py:766:80: E501 line too long (83 > 79 characters)
                f"Validation complete: {remaining_violations} violations remaining"
                                                                               ^
.\enhanced_database_driven_flake8_corrector.py:770:80: E501 line too long (90 > 79 characters)
                90.0, f"Validation complete: {remaining_violations} violations remaining")
                                                                               ^
.\enhanced_database_driven_flake8_corrector.py:780:80: E501 line too long (85 > 79 characters)
        """ðŸš€ Execute complete Flake8 correction process with enterprise monitoring"""
                                                                               ^
.\enhanced_database_driven_flake8_corrector.py:782:80: E501 line too long (85 > 79 characters)
            f"{VISUAL_INDICATORS['dual_copilot']} PRIMARY COPILOT EXECUTION STARTED")
                                                                               ^
.\enhanced_database_driven_flake8_corrector.py:824:80: E501 line too long (95 > 79 characters)
            results["status"] = "COMPLETED" if validation_passed else "COMPLETED_WITH_WARNINGS"
                                                                               ^
.\enhanced_database_driven_flake8_corrector.py:830:80: E501 line too long (86 > 79 characters)
                f"{VISUAL_INDICATORS['success']} PRIMARY COPILOT EXECUTION COMPLETE\n"
                                                                               ^
.\enhanced_database_driven_flake8_corrector.py:846:80: E501 line too long (86 > 79 characters)
                f"{VISUAL_INDICATORS['error']} PRIMARY COPILOT EXECUTION FAILED: {e}")
                                                                               ^
.\enhanced_database_driven_flake8_corrector.py:856:80: E501 line too long (91 > 79 characters)
            f"{VISUAL_INDICATORS['dual_copilot']} SECONDARY COPILOT VALIDATOR INITIALIZED")
                                                                               ^
.\enhanced_database_driven_flake8_corrector.py:878:80: E501 line too long (84 > 79 characters)
                field for field in required_fields if field not in execution_result]
                                                                               ^
.\enhanced_database_driven_flake8_corrector.py:891:80: E501 line too long (81 > 79 characters)
                validation_result["performance_acceptable"] = time_per_file < 2.0
                                                                               ^
.\enhanced_database_driven_flake8_corrector.py:894:80: E501 line too long (116 > 79 characters)
            validation_result["anti_recursion_validated"] = DeploymentSafetyValidator.validate_no_recursive_folders(
                                                                               ^
.\enhanced_database_driven_flake8_corrector.py:899:80: E501 line too long (82 > 79 characters)
            validation_result["visual_indicators_present"] = execution_result.get(
                                                                               ^
.\enhanced_database_driven_flake8_corrector.py:912:80: E501 line too long (98 > 79 characters)
            validation_result["enterprise_compliance"] = validation_result["quality_score"] >= 0.8
                                                                               ^
.\enhanced_database_driven_flake8_corrector.py:913:80: E501 line too long (94 > 79 characters)
            validation_result["validation_passed"] = validation_result["quality_score"] >= 0.7
                                                                               ^
.\enhanced_database_driven_flake8_corrector.py:919:80: E501 line too long (91 > 79 characters)
                f"{status_icon} SECONDARY COPILOT VALIDATION COMPLETE\n" f"Quality Score: {
                                                                               ^
.\enhanced_database_driven_flake8_corrector.py:919:80: E501 line too long (91 > 79 characters)
                f"{status_icon} SECONDARY COPILOT VALIDATION COMPLETE\n" f"Quality Score: {
                                                                               ^
.\enhanced_database_driven_flake8_corrector.py:920:80: E501 line too long (89 > 79 characters)
                    validation_result['quality_score']:.2f}\n" f"Enterprise Compliance: {
                                                                               ^
.\enhanced_database_driven_flake8_corrector.py:920:80: E501 line too long (89 > 79 characters)
                    validation_result['quality_score']:.2f}\n" f"Enterprise Compliance: {
                                                                               ^
.\enhanced_database_driven_flake8_corrector.py:921:80: E501 line too long (89 > 79 characters)
                    validation_result['enterprise_compliance']}\n" f"Validation Passed: {
                                                                               ^
.\enhanced_database_driven_flake8_corrector.py:921:80: E501 line too long (89 > 79 characters)
                    validation_result['enterprise_compliance']}\n" f"Validation Passed: {
                                                                               ^
.\enhanced_database_driven_flake8_corrector.py:930:80: E501 line too long (89 > 79 characters)
                f"{VISUAL_INDICATORS['error']} SECONDARY COPILOT VALIDATION FAILED: {e}")
                                                                               ^
.\enhanced_database_driven_flake8_corrector.py:942:80: E501 line too long (89 > 79 characters)
            f"{VISUAL_INDICATORS['dual_copilot']} DUAL COPILOT ORCHESTRATOR INITIALIZED")
                                                                               ^
.\enhanced_database_driven_flake8_corrector.py:955:80: E501 line too long (84 > 79 characters)
            error_msg = f"CRITICAL: Pre-execution violations detected: {violations}"
                                                                               ^
.\enhanced_database_driven_flake8_corrector.py:972:80: E501 line too long (80 > 79 characters)
            post_violations = DeploymentSafetyValidator.emergency_cleanup_scan()
                                                                               ^
.\enhanced_database_driven_flake8_corrector.py:981:80: E501 line too long (88 > 79 characters)
                    f"{VISUAL_INDICATORS['success']} DUAL COPILOT EXECUTION SUCCESSFUL")
                                                                               ^
.\enhanced_database_driven_flake8_corrector.py:984:80: E501 line too long (99 > 79 characters)
                    f"{VISUAL_INDICATORS['warning']} DUAL COPILOT EXECUTION COMPLETED WITH ISSUES")
                                                                               ^
.\enhanced_database_driven_flake8_corrector.py:990:80: E501 line too long (83 > 79 characters)
                f"{VISUAL_INDICATORS['error']} DUAL COPILOT EXECUTION FAILED: {e}")
                                                                               ^
.\enhanced_database_driven_flake8_corrector.py:1000:80: E501 line too long (85 > 79 characters)
            execution_result, validation_result = self.execute_with_dual_validation()
                                                                               ^
.\enhanced_database_driven_flake8_corrector.py:1035:80: E501 line too long (81 > 79 characters)
                f"{VISUAL_INDICATORS['success']} Comprehensive report generated")
                                                                               ^
.\enhanced_database_driven_flake8_corrector.py:1056:80: E501 line too long (94 > 79 characters)
        f"{VISUAL_INDICATORS['start']} ENHANCED DATABASE-DRIVEN FLAKE8 CORRECTOR STARTING...")
                                                                               ^
.\enhanced_database_driven_flake8_corrector.py:1058:80: E501 line too long (100 > 79 characters)
        f"{VISUAL_INDICATORS['dual_copilot']} DUAL COPILOT PATTERN: PRIMARY + SECONDARY VALIDATION")
                                                                               ^
.\enhanced_database_driven_flake8_corrector.py:1060:80: E501 line too long (91 > 79 characters)
        f"{VISUAL_INDICATORS['quantum']} QUANTUM OPTIMIZATION: PHASE 5 INTEGRATION ACTIVE")
                                                                               ^
.\enhanced_database_driven_flake8_corrector.py:1062:80: E501 line too long (93 > 79 characters)
        f"{VISUAL_INDICATORS['database']} DATABASE-DRIVEN: ENTERPRISE ANALYTICS INTEGRATION")
                                                                               ^
.\enhanced_database_driven_flake8_corrector.py:1108:80: E501 line too long (87 > 79 characters)
                'âœ… PASSED' if compliance.get('dual_copilot_pattern') else 'âŒ FAILED'}")
                                                                               ^
.\enhanced_database_driven_flake8_corrector.py:1111:80: E501 line too long (86 > 79 characters)
                'âœ… ACTIVE' if compliance.get('visual_indicators') else 'âŒ INACTIVE'}")
                                                                               ^
.\enhanced_database_driven_flake8_corrector.py:1114:80: E501 line too long (90 > 79 characters)
                'âœ… ENABLED' if compliance.get('quantum_optimization') else 'âŒ DISABLED'}")
                                                                               ^
.\enhanced_database_driven_flake8_corrector.py:1117:80: E501 line too long (84 > 79 characters)
                'âœ… ACTIVE' if compliance.get('database_driven') else 'âŒ INACTIVE'}")
                                                                               ^
.\enhanced_database_driven_flake8_corrector.py:1128:80: E501 line too long (99 > 79 characters)
            f"{VISUAL_INDICATORS['success']} ENHANCED DATABASE-DRIVEN FLAKE8 CORRECTOR COMPLETED!")
                                                                               ^
.\enterprise_unicode_compatibility_fix.py:41:19: E999 SyntaxError: closing parenthesis ']' does not match opening parenthesis '('
.\enterprise_unicode_compatible_flake8_corrector.py:23:1: F401 'dataclasses.asdict' imported but unused
from dataclasses import dataclass, asdict
^
.\enterprise_unicode_compatible_flake8_corrector.py:24:1: F401 'typing.Tuple' imported but unused
from typing import Dict, List, Optional, Tuple, Union, Any
^
.\enterprise_unicode_compatible_flake8_corrector.py:24:1: F401 'typing.Union' imported but unused
from typing import Dict, List, Optional, Tuple, Union, Any
^
.\enterprise_unicode_compatible_flake8_corrector.py:26:1: F401 'ast' imported but unused
import ast
^
.\enterprise_unicode_compatible_flake8_corrector.py:142:21: F541 f-string is missing placeholders
                    f"[DATABASE] Database not found, using built-in patterns")
                    ^
.\enterprise_unicode_compatible_flake8_corrector.py:158:80: E501 line too long (83 > 79 characters)
            cursor.execute("""
                SELECT pattern_id, error_code, pattern_regex, replacement_template,
                       confidence_score, success_rate
                FROM flake8_correction_patterns
            """)
                              
                                                ^
.\enterprise_unicode_compatible_flake8_corrector.py:186:80: E501 line too long (80 > 79 characters)
        """Create built - in correction patterns when database is unavailable"""
                                                                               ^
.\enterprise_unicode_compatible_flake8_corrector.py:217:80: E501 line too long (85 > 79 characters)
            self.correction_patterns[pattern_data['pattern_id']] = CorrectionPattern(
                                                                               ^
.\enterprise_unicode_compatible_flake8_corrector.py:297:80: E501 line too long (95 > 79 characters)
                                f"[QUANTUM] Skipping invalid flake8 line: {line} - Error: {e}")
                                                                               ^
.\enterprise_unicode_compatible_flake8_corrector.py:419:80: E501 line too long (95 > 79 characters)
                                f"[QUANTUM] Skipping invalid flake8 line: {line} - Error: {e}")
                                                                               ^
.\enterprise_unicode_compatible_flake8_corrector.py:459:80: E501 line too long (86 > 79 characters)
                    description="Initialize quantum corrector and validate workspace",
                                                                               ^
.\enterprise_unicode_compatible_flake8_corrector.py:493:80: E501 line too long (83 > 79 characters)
                    phase_results['results'] = self._execute_initialization_phase()
                                                                               ^
.\enterprise_unicode_compatible_flake8_corrector.py:555:80: E501 line too long (83 > 79 characters)
                'violation_types': {k: len(v) for k, v in violation_types.items()},
                                                                               ^
.\enterprise_unicode_compatible_flake8_corrector.py:556:80: E501 line too long (83 > 79 characters)
                'files_with_violations': len(set(v.file_path for v in violations)),
                                                                               ^
.\enterprise_unicode_compatible_flake8_corrector.py:565:25: F541 f-string is missing placeholders
            logger.info(f"[DUAL-COPILOT] Top violation types:")
                        ^
.\enterprise_unicode_compatible_flake8_corrector.py:585:80: E501 line too long (82 > 79 characters)
                    file_result = self.quantum_corrector.process_file_corrections(
                                                                               ^
.\enterprise_unicode_compatible_flake8_corrector.py:594:80: E501 line too long (119 > 79 characters)
                            f"[DUAL-COPILOT] Corrected {file_result['corrections_applied']} violations in {file_path}")
                                                                               ^
.\enterprise_unicode_compatible_flake8_corrector.py:631:80: E501 line too long (116 > 79 characters)
                        results['initial_violations'] - len(final_violations)) / results['initial_violations'] * 100
                                                                               ^
.\enterprise_unicode_compatible_flake8_corrector.py:635:80: E501 line too long (104 > 79 characters)
                    f"[DUAL-COPILOT] Validation complete: {len(final_violations)} violations remaining")
                                                                               ^
.\enterprise_unicode_compatible_flake8_corrector.py:637:80: E501 line too long (92 > 79 characters)
                    f"[DUAL-COPILOT] Improvement: {results['improvement_percentage']:.1f}%")
                                                                               ^
.\enterprise_unicode_compatible_flake8_corrector.py:719:80: E501 line too long (80 > 79 characters)
                VISUAL_INDICATORS['success']} EXECUTION COMPLETED SUCCESSFULLY")
                                                                               ^
.\enterprise_unicode_compatible_flake8_corrector.py:732:80: E501 line too long (80 > 79 characters)
                                [])[-1] if report.get('phase_results') else None
                                                                               ^
.\enterprise_unicode_compatible_flake8_corrector.py:763:80: E501 line too long (85 > 79 characters)
            f"{VISUAL_INDICATORS['dual_copilot']} DUAL COPILOT VALIDATION: COMPLETE")
                                                                               ^
.\enterprise_wrap_up_engine.py:32:37: E999 SyntaxError: closing parenthesis ']' does not match opening parenthesis '('
        self.workspace_root = Path(]
                                    ^
.\final_deployment_validator.py:24:22: E999 SyntaxError: closing parenthesis ']' does not match opening parenthesis '('
.\final_enterprise_flake8_corrector.py:21:1: F401 'pathlib.Path' imported but unused
from pathlib import Path
^
.\final_enterprise_flake8_corrector.py:25:1: F401 'time' imported but unused
import time
^
.\final_enterprise_flake8_corrector.py:43:1: E302 expected 2 blank lines, found 1
@dataclass
^
.\final_enterprise_flake8_corrector.py:57:1: E302 expected 2 blank lines, found 1
class EnterpriseFlakeEngine:
^
.\final_enterprise_flake8_corrector.py:87:80: E501 line too long (84 > 79 characters)
            result = subprocess.run(cmd, capture_output=True, text=True, timeout=60)
                                                                               ^
.\final_enterprise_flake8_corrector.py:101:80: E501 line too long (81 > 79 characters)
            logger.info(f"[ENTERPRISE] Found {self.total_violations} violations")
                                                                               ^
.\final_enterprise_flake8_corrector.py:115:80: E501 line too long (84 > 79 characters)
            if len(parts) >= 5 and len(parts[0]) == 1 and parts[1].startswith("\\"):
                                                                               ^
.\final_enterprise_flake8_corrector.py:160:80: E501 line too long (84 > 79 characters)
            logger.warning("autopep8 not installed, skipping autopep8 corrections.")
                                                                               ^
.\final_enterprise_flake8_corrector.py:180:80: E501 line too long (88 > 79 characters)
                logger.info(f"[ENTERPRISE] Applied autopep8 corrections to {file_path}")
                                                                               ^
.\final_enterprise_flake8_corrector.py:201:80: E501 line too long (95 > 79 characters)
            content = re.sub(r'f"([^"]*?)(?<!\\)"?\s*$', r'f"\1"', content, flags=re.MULTILINE)
                                                                               ^
.\final_enterprise_flake8_corrector.py:202:80: E501 line too long (95 > 79 characters)
            content = re.sub(r"f'([^']*?)(?<!\\)'?\s*$", r"f'\1'", content, flags=re.MULTILINE)
                                                                               ^
.\final_enterprise_flake8_corrector.py:204:80: E501 line too long (93 > 79 characters)
            content = re.sub(r'f"([^"]*?)(?<!\\)\n', r'f"\1"\n', content, flags=re.MULTILINE)
                                                                               ^
.\final_enterprise_flake8_corrector.py:206:80: E501 line too long (90 > 79 characters)
            content = re.sub(r'(\[|\(|\{)[^)\]\}]*$', r'\1]', content, flags=re.MULTILINE)
                                                                               ^
.\final_enterprise_flake8_corrector.py:256:80: E501 line too long (84 > 79 characters)
            result = subprocess.run(cmd, capture_output=True, text=True, timeout=60)
                                                                               ^
.\final_enterprise_flake8_corrector.py:280:80: E501 line too long (80 > 79 characters)
        logger.info("[ENTERPRISE] Starting comprehensive correction process...")
                                                                               ^
.\final_enterprise_flake8_corrector.py:284:80: E501 line too long (87 > 79 characters)
            dirs[:] = [d for d in dirs if not d.startswith('.') and d != '__pycache__']
                                                                               ^
.\final_enterprise_flake8_corrector.py:289:80: E501 line too long (86 > 79 characters)
        logger.info(f"[ENTERPRISE] Found {len(python_files)} Python files to process")
                                                                               ^
.\final_enterprise_flake8_corrector.py:295:80: E501 line too long (95 > 79 characters)
            logger.info(f"[ENTERPRISE] Processing file {i+1}/{len(python_files)}: {file_path}")
                                                                               ^
.\final_enterprise_flake8_corrector.py:300:80: E501 line too long (86 > 79 characters)
                logger.info(f"[ENTERPRISE] Processed {i+1}/{len(python_files)} files")
                                                                               ^
.\final_enterprise_flake8_corrector.py:313:1: E302 expected 2 blank lines, found 1
def main():
^
.\final_enterprise_flake8_corrector.py:316:80: E501 line too long (80 > 79 characters)
    print("[DUAL-COPILOT] DUAL COPILOT PATTERN: PRIMARY + SECONDARY VALIDATION")
                                                                               ^
.\final_enterprise_flake8_corrector.py:323:15: F541 f-string is missing placeholders
        print(f"\n[ANALYSIS] Running initial Flake8 analysis...")
              ^
.\final_enterprise_flake8_corrector.py:328:15: F541 f-string is missing placeholders
        print(f"\n[CORRECTION] Starting comprehensive correction process...")
              ^
.\final_enterprise_flake8_corrector.py:331:15: F541 f-string is missing placeholders
        print(f"\n[VALIDATION] Running final Flake8 analysis...")
              ^
.\final_enterprise_flake8_corrector.py:349:80: E501 line too long (108 > 79 characters)
        report_file = f"enterprise_flake8_correction_report_{datetime.now().strftime('%Y%m%d_%H%M%S')}.json"
                                                                               ^
.\final_enterprise_flake8_corrector.py:353:15: F541 f-string is missing placeholders
        print(f"\n[SUCCESS] ENTERPRISE FLAKE8 CORRECTION COMPLETED")
              ^
.\final_enterprise_flake8_corrector.py:358:80: E501 line too long (88 > 79 characters)
        print(f"Corrections Applied: {correction_results['total_corrections_applied']}")
                                                                               ^
.\final_enterprise_flake8_corrector.py:364:19: F541 f-string is missing placeholders
            print(f"\n[REMAINING] Top remaining violation types:")
                  ^
.\final_enterprise_flake8_corrector.py:370:80: E501 line too long (97 > 79 characters)
            sorted_types = sorted(violation_types.items(), key=lambda x: len(x[1]), reverse=True)
                                                                               ^
.\final_enterprise_flake8_corrector.py:374:15: F541 f-string is missing placeholders
        print(f"[DUAL-COPILOT] DUAL COPILOT VALIDATION: COMPLETE")
              ^
.\final_enterprise_flake8_corrector.py:384:1: E305 expected 2 blank lines after class or function definition, found 1
if __name__ == "__main__":
^
.\fix_syntax_errors.py:16:34: E999 SyntaxError: closing parenthesis ']' does not match opening parenthesis '('
.\github_integration\.github\copilot\conversations_with_human\configuration_recovery_engine.py:336:14: E999 SyntaxError: invalid syntax
.\github_integration\.github\copilot\conversations_with_human\disaster_recovery_enhancer_edited.py:261:14: E999 SyntaxError: invalid syntax
.\immediate_flake8_corrector.py:9:1: F401 'os' imported but unused
import os
^
.\immediate_flake8_corrector.py:32:80: E501 line too long (82 > 79 characters)
        with tqdm(desc="ðŸ”§ Fixing Syntax Errors", total=len(python_files)) as pbar:
                                                                               ^
.\immediate_flake8_corrector.py:41:80: E501 line too long (83 > 79 characters)
        print(f"âœ… Fixed {syntax_fixes} syntax errors in {len(python_files)} files")
                                                                               ^
.\immediate_flake8_corrector.py:80:80: E501 line too long (98 > 79 characters)
                            rest_of_line = next_line.split('"', 1)[-1] if '"' in next_line else ''
                                                                               ^
.\immediate_flake8_corrector.py:158:80: E501 line too long (85 > 79 characters)
                    if ':' in line and any(code in line for code in ['E', 'W', 'F']):
                                                                               ^
.\immediate_flake8_corrector.py:195:80: E501 line too long (98 > 79 characters)
                improvement = ((initial_violations - final_violations) / initial_violations) * 100
                                                                               ^
.\immediate_flake8_corrector.py:201:19: F541 f-string is missing placeholders
            print(f"\nâœ… IMMEDIATE CORRECTIONS COMPLETE!")
                  ^
.\immediate_flake8_corrector.py:221:11: F541 f-string is missing placeholders
    print(f"\nðŸ“Š SUMMARY:")
          ^
.\immediate_flake8_corrector.py:222:80: E501 line too long (81 > 79 characters)
    if results.get('final_violations', 0) < results.get('initial_violations', 0):
                                                                               ^
.\monitoring_optimization_consolidation_executor.py:51:22: E999 SyntaxError: closing parenthesis ']' does not match opening parenthesis '('
logging.basicConfig(]
                     ^
.\physics_optimization_engine.py:54:23: E999 SyntaxError: unmatched ')'
.\quantum\quantum_optimization.py:66:27: E999 SyntaxError: closing parenthesis ']' does not match opening parenthesis '('
        counts = execute(]
                          ^
.\script_generation_consolidation_executor.py:39:22: E999 SyntaxError: closing parenthesis ']' does not match opening parenthesis '('
.\scripts\ADVANCED_SCRIPT_ANALYSIS.py:40:9: E999 IndentationError: unexpected indent
.\scripts\AUTONOMOUS_FRAMEWORK_COMPREHENSIVE_SCOPE.py:43:36: E999 SyntaxError: closing parenthesis ']' does not match opening parenthesis '{' on line 41
.\scripts\AUTONOMOUS_PRODUCTION_CREATOR.py:23:22: E999 SyntaxError: closing parenthesis ']' does not match opening parenthesis '('
.\scripts\AUTONOMOUS_PRODUCTION_CREATOR_CLEAN.py:23:22: E999 SyntaxError: closing parenthesis ']' does not match opening parenthesis '('
.\scripts\COPILOT_VALIDATION_EXECUTIVE_SUMMARY_GENERATOR.py:20:11: F541 f-string is missing placeholders
    print(f"Validation Scope: Cross-instance GitHub Copilot integration capabilities")
          ^
.\scripts\COPILOT_VALIDATION_EXECUTIVE_SUMMARY_GENERATOR.py:20:80: E501 line too long (86 > 79 characters)
    print(f"Validation Scope: Cross-instance GitHub Copilot integration capabilities")
                                                                               ^
.\scripts\COPILOT_VALIDATION_EXECUTIVE_SUMMARY_GENERATOR.py:26:80: E501 line too long (85 > 79 characters)
    print("[SUCCESS] Successfully validated GitHub Copilot integration capabilities")
                                                                               ^
.\scripts\COPILOT_VALIDATION_EXECUTIVE_SUMMARY_GENERATOR.py:27:80: E501 line too long (87 > 79 characters)
    print("[SUCCESS] Identified critical capability gaps between deployment instances")
                                                                               ^
.\scripts\COPILOT_VALIDATION_EXECUTIVE_SUMMARY_GENERATOR.py:28:80: E501 line too long (90 > 79 characters)
    print("[SUCCESS] Generated actionable recommendations for capability synchronization")
                                                                               ^
.\scripts\COPILOT_VALIDATION_EXECUTIVE_SUMMARY_GENERATOR.py:29:80: E501 line too long (82 > 79 characters)
    print("[SUCCESS] Confirmed enterprise-grade validation framework operational")
                                                                               ^
.\scripts\COPILOT_VALIDATION_EXECUTIVE_SUMMARY_GENERATOR.py:43:80: E501 line too long (87 > 79 characters)
        "     - Enterprise Compliance: 66.7% [WARNING]  (10 backup folder violations)")
                                                                               ^
.\scripts\COPILOT_VALIDATION_EXECUTIVE_SUMMARY_GENERATOR.py:45:80: E501 line too long (96 > 79 characters)
        "     - Copilot Patterns: 100% [SUCCESS] (49 DUAL COPILOT files, 32 visual indicators)")
                                                                               ^
.\scripts\COPILOT_VALIDATION_EXECUTIVE_SUMMARY_GENERATOR.py:190:80: E501 line too long (83 > 79 characters)
    print("[TARGET] OUTCOME: Enterprise-grade GitHub Copilot integration achieved")
                                                                               ^
.\scripts\COPILOT_VALIDATION_EXECUTIVE_SUMMARY_GENERATOR.py:199:80: E501 line too long (87 > 79 characters)
    summary_file = f"E:/gh_COPILOT/COPILOT_VALIDATION_EXECUTIVE_SUMMARY_{timestamp}.md"
                                                                               ^
.\scripts\DATABASE_CAPTURE_COMPLETE.py:48:13: E999 SyntaxError: unmatched ')'
.\scripts\DATABASE_CLEANUP_EXECUTOR.py:50:28: E999 SyntaxError: closing parenthesis ']' does not match opening parenthesis '('
.\scripts\DATABASE_REDUNDANCY_ANALYZER.py:41:22: E999 SyntaxError: closing parenthesis ']' does not match opening parenthesis '{'
.\scripts\DEPLOY_ENTERPRISE_GH_COPILOT.py:27:22: E999 SyntaxError: closing parenthesis ']' does not match opening parenthesis '('
.\scripts\DETAILED_STEP_FRAMEWORK_ANALYZER.py:103:46: E999 SyntaxError: closing parenthesis ']' does not match opening parenthesis '('
                        key_features.append(]
                                             ^
.\scripts\ENHANCED_ML_AUTONOMOUS_FRAMEWORK_COMPREHENSIVE_SCOPE.py:34:9: E999 IndentationError: unexpected indent
.\scripts\ENHANCED_ML_STAGING_DEPLOYMENT_EXECUTOR_V3_ADVANCED.py:66:61: E999 SyntaxError: closing parenthesis ']' does not match opening parenthesis '('
.\scripts\ENHANCED_ML_STAGING_DEPLOYMENT_MISSION_COMPLETE.py:20:13: E999 IndentationError: unexpected indent
.\scripts\ENTERPRISE_QUALITY_ENHANCEMENT.py:23:36: E999 SyntaxError: closing parenthesis ']' does not match opening parenthesis '('
.\scripts\ENTERPRISE_SCHEMA_FIX_AND_ENHANCEMENT.py:116:21: E999 IndentationError: unexpected indent
                    VALUES (?, ?, ?, ?, ?, ?, ?, ?, ?, ?, ?, ?)
                    ^
.\scripts\ENTERPRISE_SELF_LEARNING_ANALYSIS_REPORT.py:22:22: E999 SyntaxError: closing parenthesis ']' does not match opening parenthesis '('
.\scripts\ENTERPRISE_ULTIMATE_QUALITY_BOOST.py:102:21: E999 IndentationError: unexpected indent
                    VALUES (?, ?, ?, ?, ?, ?, ?, ?, ?, ?, ?, ?)
                    ^
.\scripts\FINAL_COMPREHENSIVE_PRODUCTION_TEST.py:17:22: E999 SyntaxError: closing parenthesis ']' does not match opening parenthesis '('
logging.basicConfig(]
                     ^
.\scripts\FINAL_DATABASE_CAPTURE_VALIDATION.py:55:73: E999 SyntaxError: closing parenthesis ']' does not match opening parenthesis '('
    validation_results["capture_completeness"]["tables_present"] = len(]
                                                                        ^
.\scripts\FINAL_PRODUCTION_COMPLETER.py:22:22: E999 SyntaxError: closing parenthesis ']' does not match opening parenthesis '('
.\scripts\FINAL_STAGING_DEPLOYMENT_ORCHESTRATOR.py:32:22: E999 SyntaxError: closing parenthesis ']' does not match opening parenthesis '('
logging.basicConfig(]
                     ^
.\scripts\MISSION_COMPLETION_REPORT_GENERATOR.py:80:10: E999 SyntaxError: unmatched '}'
        }
         ^
.\scripts\MISSION_COMPLETION_SUMMARY.py:136:9: E999 IndentationError: unexpected indent
        "technical_achievements": [],
        ^
.\scripts\PRODUCTION_DATABASE_ANALYZER.py:46:61: E999 SyntaxError: closing parenthesis ']' does not match opening parenthesis '('
.\scripts\PRODUCTION_DATABASE_CONSOLIDATION_EXECUTOR.py:56:67: E999 SyntaxError: closing parenthesis ']' does not match opening parenthesis '('
                self.consolidation_log["backups_created"].append(]
                                                                  ^
.\scripts\PRODUCTION_DATABASE_CONSOLIDATION_SUMMARY.py:19:23: E999 SyntaxError: closing parenthesis ']' does not match opening parenthesis '('
    log_files = list(]
                      ^
.\scripts\PRODUCTION_DB_VALIDATION.py:58:33: E999 SyntaxError: closing parenthesis ']' does not match opening parenthesis '('
            raise RuntimeError(]
                                ^
.\scripts\STAGING_FILE_INGESTION_ANALYSIS.py:128:44: E999 SyntaxError: closing parenthesis ']' does not match opening parenthesis '('
.\scripts\STAGING_ROOT_REDUNDANCY_ANALYZER.py:94:22: E999 SyntaxError: closing parenthesis ']' does not match opening parenthesis '{'
.\scripts\advanced_ai_ml_integration.py:29:22: E999 SyntaxError: closing parenthesis ']' does not match opening parenthesis '('
logging.basicConfig(]
                     ^
.\scripts\archived_database_scripts\DB_MIGRATION_20250707_074327\scripts\DATABASE_CLEANUP_EXECUTOR.py:50:28: E999 SyntaxError: closing parenthesis ']' does not match opening parenthesis '('
.\scripts\archived_database_scripts\DB_MIGRATION_20250707_074327\scripts\PRODUCTION_DATABASE_CONSOLIDATION_EXECUTOR.py:56:67: E999 SyntaxError: closing parenthesis ']' does not match opening parenthesis '('
                self.consolidation_log["backups_created"].append(]
                                                                  ^
.\scripts\archived_database_scripts\DB_MIGRATION_20250707_074327\scripts\PRODUCTION_DATABASE_CONSOLIDATION_SUMMARY.py:19:23: E999 SyntaxError: closing parenthesis ']' does not match opening parenthesis '('
    log_files = list(]
                      ^
.\scripts\archived_database_scripts\DB_MIGRATION_20250707_074327\scripts\database_organization_manager.py:53:30: E999 SyntaxError: closing parenthesis ']' does not match opening parenthesis '('
.\scripts\archived_database_scripts\DB_MIGRATION_20250707_074327\scripts\deployment\DATABASE_CLEANUP_EXECUTOR.py:50:28: E999 SyntaxError: closing parenthesis ']' does not match opening parenthesis '('
.\scripts\archived_database_scripts\DB_MIGRATION_20250707_074327\scripts\deployment\PRODUCTION_DATABASE_CONSOLIDATION_EXECUTOR.py:56:67: E999 SyntaxError: closing parenthesis ']' does not match opening parenthesis '('
                self.consolidation_log["backups_created"].append(]
                                                                  ^
.\scripts\archived_database_scripts\DB_MIGRATION_20250707_074327\scripts\deployment\PRODUCTION_DATABASE_CONSOLIDATION_SUMMARY.py:19:23: E999 SyntaxError: closing parenthesis ']' does not match opening parenthesis '('
    log_files = list(]
                      ^
.\scripts\archived_database_scripts\DB_MIGRATION_20250707_074327\scripts\deployment\database_organization_manager.py:53:30: E999 SyntaxError: closing parenthesis ']' does not match opening parenthesis '('
.\scripts\archived_database_scripts\DB_MIGRATION_20250707_074327\scripts\regenerated\database_organization_manager.py:57:21: E999 IndentationError: unexpected indent
                    tables = cursor.fetchall()
                    ^
.\scripts\archived_deployment_scripts\MIGRATION_20250707_061405\comprehensive_deployment_analysis.py:55:31: E999 SyntaxError: closing parenthesis ']' does not match opening parenthesis '('
.\scripts\archived_deployment_scripts\MIGRATION_20250707_061405\comprehensive_deployment_manager.py:26:22: E999 SyntaxError: closing parenthesis ']' does not match opening parenthesis '('
.\scripts\archived_deployment_scripts\MIGRATION_20250707_061405\enterprise_deployment_packager.py:16:22: E999 SyntaxError: closing parenthesis ']' does not match opening parenthesis '('
.\scripts\archived_deployment_scripts\MIGRATION_20250707_061405\enterprise_deployment_preparation.py:76:13: E999 SyntaxError: unmatched ')'
.\scripts\archived_deployment_scripts\MIGRATION_20250707_061405\enterprise_deployment_validator.py:34:22: E999 SyntaxError: closing parenthesis ']' does not match opening parenthesis '('
.\scripts\archived_deployment_scripts\MIGRATION_20250707_061405\enterprise_gh_copilot_deployment_orchestrator.py:33:22: E999 SyntaxError: closing parenthesis ']' does not match opening parenthesis '('
logging.basicConfig(]
                     ^
.\scripts\archived_deployment_scripts\MIGRATION_20250707_061405\enterprise_gh_copilot_deployment_orchestrator_windows.py:33:22: E999 SyntaxError: closing parenthesis ']' does not match opening parenthesis '('
logging.basicConfig(]
                     ^
.\scripts\archived_deployment_scripts\MIGRATION_20250707_061405\final_enterprise_deployment_executor.py:58:30: E999 SyntaxError: closing parenthesis ']' does not match opening parenthesis '('
        logging.basicConfig(]
                             ^
.\scripts\archived_deployment_scripts\MIGRATION_20250707_061405\integrated_deployment_orchestrator.py:38:22: E999 SyntaxError: closing parenthesis ']' does not match opening parenthesis '('
logging.basicConfig(]
                     ^
.\scripts\ascii_cleaner.py:66:19: E999 IndentationError: unexpected indent
.\scripts\chunk2_completion_processor.py:45:30: E999 SyntaxError: closing parenthesis ']' does not match opening parenthesis '('
.\scripts\chunk3_advanced_pattern_synthesizer.py:126:30: E999 SyntaxError: closing parenthesis ']' does not match opening parenthesis '('
.\scripts\chunk3_comprehensive_deployment_demo.py:57:30: E999 SyntaxError: closing parenthesis ']' does not match opening parenthesis '('
        logging.basicConfig(]
                             ^
.\scripts\chunk3_enterprise_integration_validator.py:151:36: E999 SyntaxError: unmatched ']'
                    component_name]["overall_status"] == "passed" else VISUAL_INDICATORS['error']
                                   ^
.\scripts\chunk3_final_completion_generator.py:21:32: E999 SyntaxError: closing parenthesis ']' does not match opening parenthesis '{'
.\scripts\comprehensive_database_structure_analyzer.py:46:36: E999 SyntaxError: closing parenthesis ']' does not match opening parenthesis '('
        self.databases_dir = Path(]
                                   ^
.\scripts\comprehensive_deployment_analysis.py:55:31: E999 SyntaxError: closing parenthesis ']' does not match opening parenthesis '('
.\scripts\comprehensive_deployment_manager.py:26:22: E999 SyntaxError: closing parenthesis ']' does not match opening parenthesis '('
.\scripts\comprehensive_deployment_validator.py:24:22: E999 SyntaxError: closing parenthesis ']' does not match opening parenthesis '('
logging.basicConfig(]
                     ^
.\scripts\comprehensive_documentation_synchronizer.py:90:13: E999 SyntaxError: unmatched ')'
.\scripts\comprehensive_lessons_learned_analyzer.py:113:18: E999 SyntaxError: closing parenthesis ']' does not match opening parenthesis '{' on line 105
.\scripts\comprehensive_production_capability_tester.py:70:19: E999 SyntaxError: closing parenthesis ']' does not match opening parenthesis '('
.\scripts\comprehensive_production_deployer.py:99:33: E999 SyntaxError: closing parenthesis ']' does not match opening parenthesis '('
.\scripts\comprehensive_project_grading_system.py:105:13: E999 SyntaxError: unmatched ')'
.\scripts\comprehensive_system_analysis_validator.py:28:31: E999 SyntaxError: closing parenthesis ']' does not match opening parenthesis '{'
.\scripts\critical_script_sync_operation.py:35:22: E999 SyntaxError: closing parenthesis ']' does not match opening parenthesis '('
.\scripts\cross_database_aggregation_implementation.py:72:22: E999 SyntaxError: closing parenthesis ']' does not match opening parenthesis '('
.\scripts\cross_database_aggregation_system.py:34:22: E999 SyntaxError: closing parenthesis ']' does not match opening parenthesis '('
.\scripts\database_driven_web_gui_generator.py:53:14: E999 SyntaxError: closing parenthesis ']' does not match opening parenthesis '{' on line 52
.\scripts\database_organization_manager.py:53:30: E999 SyntaxError: closing parenthesis ']' does not match opening parenthesis '('
.\scripts\deployed_environment_error_analyzer_and_fixer.py:50:13: E999 IndentationError: unexpected indent
.\scripts\deployment\ADVANCED_AUTONOMOUS_FRAMEWORK_7_PHASE_COMPREHENSIVE_SCOPE.py:27:22: E999 SyntaxError: closing parenthesis ']' does not match opening parenthesis '('
.\scripts\deployment\ADVANCED_SCRIPT_ANALYSIS.py:40:9: E999 IndentationError: unexpected indent
.\scripts\deployment\AUTONOMOUS_FRAMEWORK_COMPREHENSIVE_SCOPE.py:43:36: E999 SyntaxError: closing parenthesis ']' does not match opening parenthesis '{' on line 41
.\scripts\deployment\AUTONOMOUS_PRODUCTION_CREATOR.py:23:22: E999 SyntaxError: closing parenthesis ']' does not match opening parenthesis '('
.\scripts\deployment\AUTONOMOUS_PRODUCTION_CREATOR_CLEAN.py:23:22: E999 SyntaxError: closing parenthesis ']' does not match opening parenthesis '('
.\scripts\deployment\COPILOT_VALIDATION_EXECUTIVE_SUMMARY_GENERATOR.py:20:11: F541 f-string is missing placeholders
    print(f"Validation Scope: Cross-instance GitHub Copilot integration capabilities")
          ^
.\scripts\deployment\COPILOT_VALIDATION_EXECUTIVE_SUMMARY_GENERATOR.py:20:80: E501 line too long (86 > 79 characters)
    print(f"Validation Scope: Cross-instance GitHub Copilot integration capabilities")
                                                                               ^
.\scripts\deployment\COPILOT_VALIDATION_EXECUTIVE_SUMMARY_GENERATOR.py:26:80: E501 line too long (85 > 79 characters)
    print("[SUCCESS] Successfully validated GitHub Copilot integration capabilities")
                                                                               ^
.\scripts\deployment\COPILOT_VALIDATION_EXECUTIVE_SUMMARY_GENERATOR.py:27:80: E501 line too long (87 > 79 characters)
    print("[SUCCESS] Identified critical capability gaps between deployment instances")
                                                                               ^
.\scripts\deployment\COPILOT_VALIDATION_EXECUTIVE_SUMMARY_GENERATOR.py:28:80: E501 line too long (90 > 79 characters)
    print("[SUCCESS] Generated actionable recommendations for capability synchronization")
                                                                               ^
.\scripts\deployment\COPILOT_VALIDATION_EXECUTIVE_SUMMARY_GENERATOR.py:29:80: E501 line too long (82 > 79 characters)
    print("[SUCCESS] Confirmed enterprise-grade validation framework operational")
                                                                               ^
.\scripts\deployment\COPILOT_VALIDATION_EXECUTIVE_SUMMARY_GENERATOR.py:43:80: E501 line too long (87 > 79 characters)
        "     - Enterprise Compliance: 66.7% [WARNING]  (10 backup folder violations)")
                                                                               ^
.\scripts\deployment\COPILOT_VALIDATION_EXECUTIVE_SUMMARY_GENERATOR.py:45:80: E501 line too long (96 > 79 characters)
        "     - Copilot Patterns: 100% [SUCCESS] (49 DUAL COPILOT files, 32 visual indicators)")
                                                                               ^
.\scripts\deployment\COPILOT_VALIDATION_EXECUTIVE_SUMMARY_GENERATOR.py:190:80: E501 line too long (83 > 79 characters)
    print("[TARGET] OUTCOME: Enterprise-grade GitHub Copilot integration achieved")
                                                                               ^
.\scripts\deployment\COPILOT_VALIDATION_EXECUTIVE_SUMMARY_GENERATOR.py:199:80: E501 line too long (87 > 79 characters)
    summary_file = f"E:/gh_COPILOT/COPILOT_VALIDATION_EXECUTIVE_SUMMARY_{timestamp}.md"
                                                                               ^
.\scripts\deployment\DATABASE_CAPTURE_COMPLETE.py:48:13: E999 SyntaxError: unmatched ')'
.\scripts\deployment\DATABASE_CLEANUP_EXECUTOR.py:50:28: E999 SyntaxError: closing parenthesis ']' does not match opening parenthesis '('
.\scripts\deployment\DATABASE_REDUNDANCY_ANALYZER.py:41:22: E999 SyntaxError: closing parenthesis ']' does not match opening parenthesis '{'
.\scripts\deployment\DEPLOY_ENTERPRISE_GH_COPILOT.py:27:22: E999 SyntaxError: closing parenthesis ']' does not match opening parenthesis '('
.\scripts\deployment\DETAILED_STEP_FRAMEWORK_ANALYZER.py:103:46: E999 SyntaxError: closing parenthesis ']' does not match opening parenthesis '('
                        key_features.append(]
                                             ^
.\scripts\deployment\ENHANCED_ML_AUTONOMOUS_FRAMEWORK_COMPREHENSIVE_SCOPE.py:34:9: E999 IndentationError: unexpected indent
.\scripts\deployment\ENHANCED_ML_STAGING_DEPLOYMENT_EXECUTOR_V3_ADVANCED.py:66:61: E999 SyntaxError: closing parenthesis ']' does not match opening parenthesis '('
.\scripts\deployment\ENHANCED_ML_STAGING_DEPLOYMENT_MISSION_COMPLETE.py:20:13: E999 IndentationError: unexpected indent
.\scripts\deployment\ENTERPRISE_QUALITY_ENHANCEMENT.py:23:36: E999 SyntaxError: closing parenthesis ']' does not match opening parenthesis '('
.\scripts\deployment\ENTERPRISE_SCHEMA_FIX_AND_ENHANCEMENT.py:116:21: E999 IndentationError: unexpected indent
                    VALUES (?, ?, ?, ?, ?, ?, ?, ?, ?, ?, ?, ?)
                    ^
.\scripts\deployment\ENTERPRISE_SELF_LEARNING_ANALYSIS_REPORT.py:22:22: E999 SyntaxError: closing parenthesis ']' does not match opening parenthesis '('
.\scripts\deployment\ENTERPRISE_ULTIMATE_QUALITY_BOOST.py:102:21: E999 IndentationError: unexpected indent
                    VALUES (?, ?, ?, ?, ?, ?, ?, ?, ?, ?, ?, ?)
                    ^
.\scripts\deployment\FINAL_COMPREHENSIVE_PRODUCTION_TEST.py:17:22: E999 SyntaxError: closing parenthesis ']' does not match opening parenthesis '('
logging.basicConfig(]
                     ^
.\scripts\deployment\FINAL_DATABASE_CAPTURE_VALIDATION.py:55:73: E999 SyntaxError: closing parenthesis ']' does not match opening parenthesis '('
    validation_results["capture_completeness"]["tables_present"] = len(]
                                                                        ^
.\scripts\deployment\FINAL_PRODUCTION_COMPLETER.py:22:22: E999 SyntaxError: closing parenthesis ']' does not match opening parenthesis '('
.\scripts\deployment\FINAL_STAGING_DEPLOYMENT_ORCHESTRATOR.py:32:22: E999 SyntaxError: closing parenthesis ']' does not match opening parenthesis '('
logging.basicConfig(]
                     ^
.\scripts\deployment\MISSION_COMPLETION_REPORT_GENERATOR.py:80:10: E999 SyntaxError: unmatched '}'
        }
         ^
.\scripts\deployment\MISSION_COMPLETION_SUMMARY.py:136:9: E999 IndentationError: unexpected indent
        "technical_achievements": [],
        ^
.\scripts\deployment\PRODUCTION_DATABASE_ANALYZER.py:46:61: E999 SyntaxError: closing parenthesis ']' does not match opening parenthesis '('
.\scripts\deployment\PRODUCTION_DATABASE_CONSOLIDATION_EXECUTOR.py:56:67: E999 SyntaxError: closing parenthesis ']' does not match opening parenthesis '('
                self.consolidation_log["backups_created"].append(]
                                                                  ^
.\scripts\deployment\PRODUCTION_DATABASE_CONSOLIDATION_SUMMARY.py:19:23: E999 SyntaxError: closing parenthesis ']' does not match opening parenthesis '('
    log_files = list(]
                      ^
.\scripts\deployment\PRODUCTION_DB_VALIDATION.py:58:33: E999 SyntaxError: closing parenthesis ']' does not match opening parenthesis '('
            raise RuntimeError(]
                                ^
.\scripts\deployment\STAGING_FILE_INGESTION_ANALYSIS.py:128:44: E999 SyntaxError: closing parenthesis ']' does not match opening parenthesis '('
.\scripts\deployment\STAGING_ROOT_REDUNDANCY_ANALYZER.py:94:22: E999 SyntaxError: closing parenthesis ']' does not match opening parenthesis '{'
.\scripts\deployment\advanced_ai_ml_integration.py:29:22: E999 SyntaxError: closing parenthesis ']' does not match opening parenthesis '('
logging.basicConfig(]
                     ^
.\scripts\deployment\ascii_cleaner.py:66:19: E999 IndentationError: unexpected indent
.\scripts\deployment\chunk2_completion_processor.py:45:30: E999 SyntaxError: closing parenthesis ']' does not match opening parenthesis '('
.\scripts\deployment\chunk3_advanced_pattern_synthesizer.py:126:30: E999 SyntaxError: closing parenthesis ']' does not match opening parenthesis '('
.\scripts\deployment\chunk3_comprehensive_deployment_demo.py:57:30: E999 SyntaxError: closing parenthesis ']' does not match opening parenthesis '('
        logging.basicConfig(]
                             ^
.\scripts\deployment\chunk3_enterprise_integration_validator.py:151:36: E999 SyntaxError: unmatched ']'
                    component_name]["overall_status"] == "passed" else VISUAL_INDICATORS['error']
                                   ^
.\scripts\deployment\chunk3_final_completion_generator.py:21:32: E999 SyntaxError: closing parenthesis ']' does not match opening parenthesis '{'
.\scripts\deployment\comprehensive_database_structure_analyzer.py:45:36: E999 SyntaxError: closing parenthesis ']' does not match opening parenthesis '('
        self.databases_dir = Path(]
                                   ^
.\scripts\deployment\comprehensive_deployment_analysis.py:55:31: E999 SyntaxError: closing parenthesis ']' does not match opening parenthesis '('
.\scripts\deployment\comprehensive_deployment_manager.py:26:22: E999 SyntaxError: closing parenthesis ']' does not match opening parenthesis '('
.\scripts\deployment\comprehensive_deployment_validator.py:24:22: E999 SyntaxError: closing parenthesis ']' does not match opening parenthesis '('
logging.basicConfig(]
                     ^
.\scripts\deployment\comprehensive_documentation_synchronizer.py:90:13: E999 SyntaxError: unmatched ')'
.\scripts\deployment\comprehensive_lessons_learned_analyzer.py:113:18: E999 SyntaxError: closing parenthesis ']' does not match opening parenthesis '{' on line 105
.\scripts\deployment\comprehensive_production_capability_tester.py:70:19: E999 SyntaxError: closing parenthesis ']' does not match opening parenthesis '('
.\scripts\deployment\comprehensive_production_deployer.py:99:33: E999 SyntaxError: closing parenthesis ']' does not match opening parenthesis '('
.\scripts\deployment\comprehensive_project_grading_system.py:105:13: E999 SyntaxError: unmatched ')'
.\scripts\deployment\comprehensive_system_analysis_validator.py:28:31: E999 SyntaxError: closing parenthesis ']' does not match opening parenthesis '{'
.\scripts\deployment\critical_script_sync_operation.py:35:22: E999 SyntaxError: closing parenthesis ']' does not match opening parenthesis '('
.\scripts\deployment\cross_database_aggregation_implementation.py:72:22: E999 SyntaxError: closing parenthesis ']' does not match opening parenthesis '('
.\scripts\deployment\cross_database_aggregation_system.py:34:22: E999 SyntaxError: closing parenthesis ']' does not match opening parenthesis '('
.\scripts\deployment\database_driven_web_gui_generator.py:53:14: E999 SyntaxError: closing parenthesis ']' does not match opening parenthesis '{' on line 52
.\scripts\deployment\database_organization_manager.py:53:30: E999 SyntaxError: closing parenthesis ']' does not match opening parenthesis '('
.\scripts\deployment\deployed_environment_error_analyzer_and_fixer.py:50:13: E999 IndentationError: unexpected indent
.\scripts\deployment\deployment_synchronization_fix.py:94:40: E999 SyntaxError: closing parenthesis ']' does not match opening parenthesis '('
        formatter = logging.Formatter(]
                                       ^
.\scripts\deployment\documentation_generation_system.py:32:22: E999 SyntaxError: closing parenthesis ']' does not match opening parenthesis '('
.\scripts\deployment\emergency_c_temp_violation_prevention.py:22:22: E999 SyntaxError: closing parenthesis ']' does not match opening parenthesis '('
.\scripts\deployment\enhanced_intelligent_code_analyzer.py:77:30: E999 SyntaxError: closing parenthesis ']' does not match opening parenthesis '('
.\scripts\deployment\enhanced_learning_system_cli.py:53:30: E999 SyntaxError: closing parenthesis ']' does not match opening parenthesis '('
.\scripts\deployment\enhanced_multi_database_platform.py:43:22: E999 SyntaxError: closing parenthesis ']' does not match opening parenthesis '('
.\scripts\deployment\enhanced_platform_demo.py:9:56: E999 SyntaxError: closing parenthesis ']' does not match opening parenthesis '('
from comprehensive_script_generation_platform import (]
                                                       ^
.\scripts\deployment\enhanced_platform_demonstration.py:31:22: E999 SyntaxError: closing parenthesis ']' does not match opening parenthesis '('
.\scripts\deployment\enterprise_business_rules_customization.py:110:37: E999 SyntaxError: closing parenthesis ']' does not match opening parenthesis '('
.\scripts\deployment\enterprise_data_migration_synchronization_validator.py:60:17: E999 IndentationError: unexpected indent
.\scripts\deployment\enterprise_database_framework_analyzer.py:38:22: E999 SyntaxError: closing parenthesis ']' does not match opening parenthesis '('
logging.basicConfig(]
                     ^
.\scripts\deployment\enterprise_database_organizer.py:50:30: E999 SyntaxError: closing parenthesis ']' does not match opening parenthesis '('
        logging.basicConfig(]
                             ^
.\scripts\deployment\enterprise_database_query_validator.py:55:37: E999 SyntaxError: closing parenthesis ']' does not match opening parenthesis '('
.\scripts\deployment\enterprise_deployment_packager.py:16:22: E999 SyntaxError: closing parenthesis ']' does not match opening parenthesis '('
.\scripts\deployment\enterprise_deployment_preparation.py:76:13: E999 SyntaxError: unmatched ')'
.\scripts\deployment\enterprise_deployment_validator.py:34:22: E999 SyntaxError: closing parenthesis ']' does not match opening parenthesis '('
.\scripts\deployment\enterprise_enhancement_iterator.py:23:22: E999 SyntaxError: closing parenthesis ']' does not match opening parenthesis '('
logging.basicConfig(]
                     ^
.\scripts\deployment\enterprise_final_validation.py:20:22: E999 SyntaxError: closing parenthesis ']' does not match opening parenthesis '('
logging.basicConfig(]
                     ^
.\scripts\deployment\enterprise_gh_copilot_deployment_orchestrator.py:33:22: E999 SyntaxError: closing parenthesis ']' does not match opening parenthesis '('
logging.basicConfig(]
                     ^
.\scripts\deployment\enterprise_json_serialization_handler.py:67:22: E999 SyntaxError: closing parenthesis ']' does not match opening parenthesis '{'
            return {]
                     ^
.\scripts\deployment\enterprise_log_compliance_fix.py:47:26: E999 SyntaxError: closing parenthesis ']' does not match opening parenthesis '('
                f.write(]
                         ^
.\scripts\deployment\enterprise_mission_completion_certificator.py:46:47: E999 SyntaxError: closing parenthesis ']' does not match opening parenthesis '('
        self.display_certification_indicator(]
                                              ^
.\scripts\deployment\enterprise_scaling_validation.py:30:22: E999 SyntaxError: closing parenthesis ']' does not match opening parenthesis '('
logging.basicConfig(]
                     ^
.\scripts\deployment\enterprise_schema_fixer_and_template_populator.py:28:22: E999 SyntaxError: closing parenthesis ']' does not match opening parenthesis '('
.\scripts\deployment\enterprise_status_report_generator.py:49:71: E999 SyntaxError: closing parenthesis ']' does not match opening parenthesis '('
        stats['environments']['sandbox'] = self._analyze_environment(]
                                                                      ^
.\scripts\deployment\enterprise_unicode_compatibility_fix.py:41:19: E999 SyntaxError: closing parenthesis ']' does not match opening parenthesis '('
.\scripts\deployment\enterprise_visual_processing_engine_fixed.py:49:48: E999 SyntaxError: unterminated string literal (detected at line 49)
.\scripts\deployment\environment_adaptation_system.py:34:22: E999 SyntaxError: closing parenthesis ']' does not match opening parenthesis '('
.\scripts\deployment\environment_profile_expansion.py:58:22: E999 SyntaxError: closing parenthesis ']' does not match opening parenthesis '('
.\scripts\deployment\environment_schema_migration.py:29:15: E999 IndentationError: unexpected indent
.\scripts\deployment\filesystem_isolation_audit.py:42:57: E999 SyntaxError: closing parenthesis ']' does not match opening parenthesis '('
            audit_results["c_users_violations"].append(]
                                                        ^
.\scripts\deployment\final_c_temp_cleanup.py:16:22: E999 SyntaxError: closing parenthesis ']' does not match opening parenthesis '('
.\scripts\deployment\final_cleanup_validation.py:10:1: F401 'os' imported but unused
import os
^
.\scripts\deployment\final_deployment_validator.py:17:22: E999 SyntaxError: closing parenthesis ']' does not match opening parenthesis '('
logging.basicConfig(]
                     ^
.\scripts\deployment\final_enterprise_deployment_executor.py:58:30: E999 SyntaxError: closing parenthesis ']' does not match opening parenthesis '('
        logging.basicConfig(]
                             ^
.\scripts\deployment\final_project_completion_summary_generator.py:33:35: E999 SyntaxError: closing parenthesis ']' does not match opening parenthesis '{'
.\scripts\deployment\final_web_gui_validation_and_certification.py:97:51: E999 SyntaxError: closing parenthesis ']' does not match opening parenthesis '('
            validation["coverage_percentage"] = (]
                                                  ^
.\scripts\deployment\github_copilot_instruction_alignment_confirmer.py:135:27: E999 SyntaxError: closing parenthesis ']' does not match opening parenthesis '('
        overall_score = (]
                          ^
.\scripts\deployment\github_copilot_instruction_set_validator.py:41:35: E999 SyntaxError: closing parenthesis ']' does not match opening parenthesis '('
        instruction_files = list(]
                                  ^
.\scripts\deployment\immediate_deployment_status_check.py:42:47: E999 SyntaxError: closing parenthesis ']' does not match opening parenthesis '('
                    running_processes.append(]
                                              ^
.\scripts\deployment\integrated_deployment_orchestrator.py:38:22: E999 SyntaxError: closing parenthesis ']' does not match opening parenthesis '('
logging.basicConfig(]
                     ^
.\scripts\deployment\intelligent_code_analysis_placeholder_detection.py:71:22: E999 SyntaxError: closing parenthesis ']' does not match opening parenthesis '('
.\scripts\deployment\intelligent_code_analyzer.py:34:22: E999 SyntaxError: closing parenthesis ']' does not match opening parenthesis '('
.\scripts\deployment\intelligent_instruction_orchestrator.py:56:39: E999 SyntaxError: closing parenthesis ']' does not match opening parenthesis '('
.\scripts\deployment\mission_completion_orchestrator.py:83:13: E999 IndentationError: unexpected indent
.\scripts\deployment\multi_database_analysis.py:77:44: E999 SyntaxError: closing parenthesis ']' does not match opening parenthesis '('
        results["coverage_percentage"] = (]
                                           ^
.\scripts\deployment\multi_template_demo.py:9:56: E999 SyntaxError: closing parenthesis ']' does not match opening parenthesis '('
from comprehensive_script_generation_platform import (]
                                                       ^
.\scripts\deployment\phase1_deployment_simple.py:143:33: E999 SyntaxError: closing parenthesis ']' does not match opening parenthesis '{'
        "validation_results": {]
                                ^
.\scripts\deployment\phase3_5_deployment_completion.py:66:18: E999 SyntaxError: closing parenthesis ']' does not match opening parenthesis '{' on line 65
.\scripts\deployment\phase4_comprehensive_completion_summary.py:54:13: E999 IndentationError: unexpected indent
            "advanced_analytics_dashboard": {},
            ^
.\scripts\deployment\phase5_advanced_ai_integration.py:36:22: E999 SyntaxError: closing parenthesis ']' does not match opening parenthesis '('
logging.basicConfig(]
                     ^
.\scripts\deployment\phase5_enterprise_scale_deployment.py:36:22: E999 SyntaxError: closing parenthesis ']' does not match opening parenthesis '('
.\scripts\deployment\phase5_final_enterprise_completion.py:72:13: E999 IndentationError: unexpected indent
            / f"phase5_final_completion_{self.session_id}.log"
            ^
.\scripts\deployment\phase_3_cross_database_aggregation.py:78:13: E999 IndentationError: unexpected indent
.\scripts\deployment\phase_4_environment_adaptation.py:74:13: E999 IndentationError: unexpected indent
.\scripts\deployment\phase_5_comprehensive_documentation.py:90:30: E999 SyntaxError: closing parenthesis ']' does not match opening parenthesis '('
.\scripts\deployment\production_db_analysis.py:169:52: E999 SyntaxError: closing parenthesis ']' does not match opening parenthesis '('
                script_generation_evidence.append(]
                                                   ^
.\scripts\deployment\production_db_codebase_analysis.py:21:22: E999 SyntaxError: closing parenthesis ']' does not match opening parenthesis '('
logging.basicConfig(]
                     ^
.\scripts\deployment\production_db_comprehensive_script_analysis.py:124:29: E999 SyntaxError: unterminated string literal (detected at line 124)
.\scripts\deployment\production_deployment_orchestrator.py:61:85: E999 SyntaxError: closing parenthesis ')' does not match opening parenthesis '[' on line 60
                            "Validate regeneration capabilities and prepare engine"),
                                                                                    ^
.\scripts\deployment\production_environment_builder.py:26:22: E999 SyntaxError: closing parenthesis ']' does not match opening parenthesis '('
.\scripts\deployment\production_environment_builder_clean.py:26:22: E999 SyntaxError: closing parenthesis ']' does not match opening parenthesis '('
.\scripts\deployment\professional_environment_validator.py:44:30: E999 SyntaxError: closing parenthesis ']' does not match opening parenthesis '('
.\scripts\deployment\python_312_upgrade_manager.py:25:22: E999 SyntaxError: closing parenthesis ']' does not match opening parenthesis '('
.\scripts\deployment\quick_database_query.py:20:9: E999 IndentationError: unexpected indent
.\scripts\deployment\quick_filesystem_check.py:23:80: E501 line too long (84 > 79 characters)
c_users_python_check = "C:\\Users" in sys.executable or "/c/Users" in sys.executable
                                                                               ^
.\scripts\deployment\quick_filesystem_check.py:47:1: E122 continuation line missing indentation or outdented
f"\nResults saved to: {os.path.join(os.getcwd(), 'quick_filesystem_check.txt')}")
^
.\scripts\deployment\quick_filesystem_check.py:47:80: E501 line too long (81 > 79 characters)
f"\nResults saved to: {os.path.join(os.getcwd(), 'quick_filesystem_check.txt')}")
                                                                               ^
.\scripts\deployment\refined_production_builder.py:213:36: E999 SyntaxError: closing parenthesis ']' does not match opening parenthesis '('
.\scripts\deployment\scaling_innovation_framework.py:25:22: E999 SyntaxError: closing parenthesis ']' does not match opening parenthesis '('
logging.basicConfig(]
                     ^
.\scripts\deployment\schema_migration_fix.py:36:65: E999 SyntaxError: unterminated string literal (detected at line 36)
.\scripts\deployment\simple_platform_activator.py:66:10: E999 SyntaxError: closing parenthesis '}' does not match opening parenthesis '[' on line 63
        },
         ^
.\scripts\deployment\simplified_critical_script_sync.py:30:22: E999 SyntaxError: closing parenthesis ']' does not match opening parenthesis '('
.\scripts\deployment\staging_validation.py:21:13: E999 IndentationError: unexpected indent
.\scripts\deployment\strategic_implementation_executor.py:154:33: E999 SyntaxError: closing parenthesis ']' does not match opening parenthesis '('
.\scripts\deployment\ultimate_production_parity_validator.py:119:33: E999 SyntaxError: closing parenthesis ']' does not match opening parenthesis '('
.\scripts\deployment\unicode_character_cleaner.py:46:30: E999 SyntaxError: closing parenthesis ']' does not match opening parenthesis '('
        logging.basicConfig(]
                             ^
.\scripts\deployment\validate_framework.py:96:25: E999 SyntaxError: closing parenthesis ']' does not match opening parenthesis '('
        assert hasattr(]
                        ^
.\scripts\deployment\visual_processing_compliance_validator.py:34:59: E999 SyntaxError: closing parenthesis ']' does not match opening parenthesis '('
    from zero_tolerance_visual_processing_engine import (]
                                                          ^
.\scripts\deployment\web_gui_development_success_reporter.py:39:14: E999 SyntaxError: closing parenthesis ']' does not match opening parenthesis '{' on line 38
.\scripts\deployment\web_gui_documentation_generator.py:28:30: E999 SyntaxError: closing parenthesis ']' does not match opening parenthesis '('
.\scripts\deployment\zero_tolerance_visual_processing_engine.py:56:48: E999 SyntaxError: unterminated string literal (detected at line 56)
.\scripts\deployment_synchronization_fix.py:94:40: E999 SyntaxError: closing parenthesis ']' does not match opening parenthesis '('
        formatter = logging.Formatter(]
                                       ^
.\scripts\documentation_generation_system.py:32:22: E999 SyntaxError: closing parenthesis ']' does not match opening parenthesis '('
.\scripts\emergency_c_temp_violation_prevention.py:22:22: E999 SyntaxError: closing parenthesis ']' does not match opening parenthesis '('
.\scripts\enhanced_intelligent_code_analyzer.py:77:30: E999 SyntaxError: closing parenthesis ']' does not match opening parenthesis '('
.\scripts\enhanced_learning_system_cli.py:53:30: E999 SyntaxError: closing parenthesis ']' does not match opening parenthesis '('
.\scripts\enhanced_multi_database_platform.py:43:22: E999 SyntaxError: closing parenthesis ']' does not match opening parenthesis '('
.\scripts\enhanced_platform_demo.py:9:56: E999 SyntaxError: closing parenthesis ']' does not match opening parenthesis '('
from comprehensive_script_generation_platform import (]
                                                       ^
.\scripts\enhanced_platform_demonstration.py:31:22: E999 SyntaxError: closing parenthesis ']' does not match opening parenthesis '('
.\scripts\enterprise_business_rules_customization.py:110:37: E999 SyntaxError: closing parenthesis ']' does not match opening parenthesis '('
.\scripts\enterprise_data_migration_synchronization_validator.py:60:17: E999 IndentationError: unexpected indent
.\scripts\enterprise_database_framework_analyzer.py:38:22: E999 SyntaxError: closing parenthesis ']' does not match opening parenthesis '('
logging.basicConfig(]
                     ^
.\scripts\enterprise_database_organizer.py:50:30: E999 SyntaxError: closing parenthesis ']' does not match opening parenthesis '('
        logging.basicConfig(]
                             ^
.\scripts\enterprise_database_query_validator.py:55:37: E999 SyntaxError: closing parenthesis ']' does not match opening parenthesis '('
.\scripts\enterprise_deployment_packager.py:16:22: E999 SyntaxError: closing parenthesis ']' does not match opening parenthesis '('
.\scripts\enterprise_deployment_preparation.py:76:13: E999 SyntaxError: unmatched ')'
.\scripts\enterprise_deployment_validator.py:34:22: E999 SyntaxError: closing parenthesis ']' does not match opening parenthesis '('
.\scripts\enterprise_enhancement_iterator.py:23:22: E999 SyntaxError: closing parenthesis ']' does not match opening parenthesis '('
logging.basicConfig(]
                     ^
.\scripts\enterprise_final_validation.py:20:22: E999 SyntaxError: closing parenthesis ']' does not match opening parenthesis '('
logging.basicConfig(]
                     ^
.\scripts\enterprise_gh_copilot_deployment_orchestrator.py:50:6: E999 SyntaxError: unterminated triple-quoted string literal (detected at line 56)
.\scripts\enterprise_gh_copilot_deployment_orchestrator_deprecated.py:50:6: E999 SyntaxError: unterminated triple-quoted string literal (detected at line 56)
.\scripts\enterprise_gh_copilot_deployment_orchestrator_windows.py:33:22: E999 SyntaxError: closing parenthesis ']' does not match opening parenthesis '('
logging.basicConfig(]
                     ^
.\scripts\enterprise_json_serialization_handler.py:67:22: E999 SyntaxError: closing parenthesis ']' does not match opening parenthesis '{'
            return {]
                     ^
.\scripts\enterprise_log_compliance_fix.py:47:26: E999 SyntaxError: closing parenthesis ']' does not match opening parenthesis '('
                f.write(]
                         ^
.\scripts\enterprise_mission_completion_certificator.py:46:47: E999 SyntaxError: closing parenthesis ']' does not match opening parenthesis '('
        self.display_certification_indicator(]
                                              ^
.\scripts\enterprise_scaling_validation.py:30:22: E999 SyntaxError: closing parenthesis ']' does not match opening parenthesis '('
logging.basicConfig(]
                     ^
.\scripts\enterprise_schema_fixer_and_template_populator.py:28:22: E999 SyntaxError: closing parenthesis ']' does not match opening parenthesis '('
.\scripts\enterprise_status_report_generator.py:49:71: E999 SyntaxError: closing parenthesis ']' does not match opening parenthesis '('
        stats['environments']['sandbox'] = self._analyze_environment(]
                                                                      ^
.\scripts\enterprise_visual_processing_engine_fixed.py:49:48: E999 SyntaxError: unterminated string literal (detected at line 49)
.\scripts\environment_adaptation_system.py:34:22: E999 SyntaxError: closing parenthesis ']' does not match opening parenthesis '('
.\scripts\environment_profile_expansion.py:58:22: E999 SyntaxError: closing parenthesis ']' does not match opening parenthesis '('
.\scripts\environment_schema_migration.py:29:15: E999 IndentationError: unexpected indent
.\scripts\filesystem_isolation_audit.py:42:57: E999 SyntaxError: closing parenthesis ']' does not match opening parenthesis '('
            audit_results["c_users_violations"].append(]
                                                        ^
.\scripts\final_c_temp_cleanup.py:16:22: E999 SyntaxError: closing parenthesis ']' does not match opening parenthesis '('
.\scripts\final_cleanup_validation.py:10:1: F401 'os' imported but unused
import os
^
.\scripts\final_enterprise_deployment_executor.py:58:30: E999 SyntaxError: closing parenthesis ']' does not match opening parenthesis '('
        logging.basicConfig(]
                             ^
.\scripts\final_project_completion_summary_generator.py:33:35: E999 SyntaxError: closing parenthesis ']' does not match opening parenthesis '{'
.\scripts\final_web_gui_validation_and_certification.py:97:51: E999 SyntaxError: closing parenthesis ']' does not match opening parenthesis '('
            validation["coverage_percentage"] = (]
                                                  ^
.\scripts\generated\basic_utility_demo.py:5:5: F821 undefined name 'main'
    main()
    ^
.\scripts\generated\enterprise_database_validator_generated.py:32:22: E999 SyntaxError: closing parenthesis ']' does not match opening parenthesis '('
.\scripts\generated\generated_comprehensive_analyzer.py:17:22: E999 SyntaxError: closing parenthesis ']' does not match opening parenthesis '('
.\scripts\generated\phase_1_enhanced_schema_evolution.py:127:18: E999 SyntaxError: closing parenthesis ')' does not match opening parenthesis '{' on line 125
.\scripts\generated\phase_2_enhanced_code_analysis.py:43:14: E999 SyntaxError: closing parenthesis ']' does not match opening parenthesis '{' on line 36
.\scripts\generated\phase_3_enhanced_cross_database_aggregation.py:47:33: E999 SyntaxError: closing parenthesis ']' does not match opening parenthesis '('
.\scripts\generated\phase_4_enhanced_environment_adaptation.py:93:17: E999 IndentationError: unexpected indent
.\scripts\generated\phase_5_enhanced_documentation_generation.py:45:6: E999 SyntaxError: invalid syntax
.\scripts\generated\utility_demo.py:15:22: E999 SyntaxError: closing parenthesis ']' does not match opening parenthesis '('
.\scripts\generated\validation_demo.py:17:22: E999 SyntaxError: closing parenthesis ']' does not match opening parenthesis '('
.\scripts\github_copilot_instruction_alignment_confirmer.py:135:27: E999 SyntaxError: closing parenthesis ']' does not match opening parenthesis '('
        overall_score = (]
                          ^
.\scripts\github_copilot_instruction_set_validator.py:41:35: E999 SyntaxError: closing parenthesis ']' does not match opening parenthesis '('
        instruction_files = list(]
                                  ^
.\scripts\immediate_deployment_status_check.py:42:47: E999 SyntaxError: closing parenthesis ']' does not match opening parenthesis '('
                    running_processes.append(]
                                              ^
.\scripts\integrated_deployment_orchestrator.py:50:6: E999 SyntaxError: unterminated triple-quoted string literal (detected at line 56)
.\scripts\integrated_deployment_orchestrator_deprecated.py:50:6: E999 SyntaxError: unterminated triple-quoted string literal (detected at line 56)
.\scripts\intelligent_code_analysis_placeholder_detection.py:71:22: E999 SyntaxError: closing parenthesis ']' does not match opening parenthesis '('
.\scripts\intelligent_code_analyzer.py:34:22: E999 SyntaxError: closing parenthesis ']' does not match opening parenthesis '('
.\scripts\intelligent_instruction_orchestrator.py:56:39: E999 SyntaxError: closing parenthesis ']' does not match opening parenthesis '('
.\scripts\mission_completion_orchestrator.py:83:13: E999 IndentationError: unexpected indent
.\scripts\multi_database_analysis.py:77:44: E999 SyntaxError: closing parenthesis ']' does not match opening parenthesis '('
        results["coverage_percentage"] = (]
                                           ^
.\scripts\multi_template_demo.py:9:56: E999 SyntaxError: closing parenthesis ']' does not match opening parenthesis '('
from comprehensive_script_generation_platform import (]
                                                       ^
.\scripts\phase1_deployment_simple.py:143:33: E999 SyntaxError: closing parenthesis ']' does not match opening parenthesis '{'
        "validation_results": {]
                                ^
.\scripts\phase3_5_deployment_completion.py:66:18: E999 SyntaxError: closing parenthesis ']' does not match opening parenthesis '{' on line 65
.\scripts\phase4_comprehensive_completion_summary.py:54:13: E999 IndentationError: unexpected indent
            "advanced_analytics_dashboard": {},
            ^
.\scripts\phase5_advanced_ai_integration.py:37:22: E999 SyntaxError: closing parenthesis ']' does not match opening parenthesis '('
logging.basicConfig(]
                     ^
.\scripts\phase5_enterprise_scale_deployment.py:36:22: E999 SyntaxError: closing parenthesis ']' does not match opening parenthesis '('
.\scripts\phase5_final_enterprise_completion.py:72:13: E999 IndentationError: unexpected indent
            / f"phase5_final_completion_{self.session_id}.log"
            ^
.\scripts\phase_3_cross_database_aggregation.py:78:13: E999 IndentationError: unexpected indent
.\scripts\phase_4_environment_adaptation.py:74:13: E999 IndentationError: unexpected indent
.\scripts\phase_5_comprehensive_documentation.py:90:30: E999 SyntaxError: closing parenthesis ']' does not match opening parenthesis '('
.\scripts\production_db_analysis.py:169:52: E999 SyntaxError: closing parenthesis ']' does not match opening parenthesis '('
                script_generation_evidence.append(]
                                                   ^
.\scripts\production_db_codebase_analysis.py:21:22: E999 SyntaxError: closing parenthesis ']' does not match opening parenthesis '('
logging.basicConfig(]
                     ^
.\scripts\production_db_comprehensive_script_analysis.py:124:29: E999 SyntaxError: unterminated string literal (detected at line 124)
.\scripts\production_deployment_orchestrator.py:61:85: E999 SyntaxError: closing parenthesis ')' does not match opening parenthesis '[' on line 60
                            "Validate regeneration capabilities and prepare engine"),
                                                                                    ^
.\scripts\production_environment_builder.py:26:22: E999 SyntaxError: closing parenthesis ']' does not match opening parenthesis '('
.\scripts\production_environment_builder_clean.py:26:22: E999 SyntaxError: closing parenthesis ']' does not match opening parenthesis '('
.\scripts\professional_environment_validator.py:44:30: E999 SyntaxError: closing parenthesis ']' does not match opening parenthesis '('
.\scripts\python_312_upgrade_manager.py:25:22: E999 SyntaxError: closing parenthesis ']' does not match opening parenthesis '('
.\scripts\quick_database_query.py:20:9: E999 IndentationError: unexpected indent
.\scripts\quick_filesystem_check.py:23:80: E501 line too long (84 > 79 characters)
c_users_python_check = "C:\\Users" in sys.executable or "/c/Users" in sys.executable
                                                                               ^
.\scripts\quick_filesystem_check.py:47:1: E122 continuation line missing indentation or outdented
f"\nResults saved to: {os.path.join(os.getcwd(), 'quick_filesystem_check.txt')}")
^
.\scripts\quick_filesystem_check.py:47:80: E501 line too long (81 > 79 characters)
f"\nResults saved to: {os.path.join(os.getcwd(), 'quick_filesystem_check.txt')}")
                                                                               ^
.\scripts\refined_production_builder.py:213:36: E999 SyntaxError: closing parenthesis ']' does not match opening parenthesis '('
.\scripts\regenerated\.github\copilot\conversations_with_human\disaster_recovery_enhancer_edited.py:14:1: F401 'json' imported but unused
import json
^
.\scripts\regenerated\.github\copilot\conversations_with_human\disaster_recovery_enhancer_edited.py:16:1: F401 'datetime.datetime' imported but unused
from datetime import datetime
^
.\scripts\regenerated\.github\copilot\conversations_with_human\disaster_recovery_enhancer_edited.py:18:1: F401 'typing.Optional' imported but unused
from typing import Dict, List, Any, Optional
^
.\scripts\regenerated\.github\copilot\conversations_with_human\disaster_recovery_enhancer_edited.py:20:1: E302 expected 2 blank lines, found 1
class DisasterRecoveryEnhancerEditedManager:
^
.\scripts\regenerated\.github\copilot\conversations_with_human\disaster_recovery_enhancer_edited.py:22:1: W293 blank line contains whitespace
    
^
.\scripts\regenerated\.github\copilot\conversations_with_human\disaster_recovery_enhancer_edited.py:26:1: W293 blank line contains whitespace
        
^
.\scripts\regenerated\.github\copilot\conversations_with_human\disaster_recovery_enhancer_edited.py:36:1: W293 blank line contains whitespace
    
^
.\scripts\regenerated\.github\copilot\conversations_with_human\disaster_recovery_enhancer_edited.py:37:80: E501 line too long (84 > 79 characters)
    def execute_query(self, query: str, params: tuple = ()) -> List[Dict[str, Any]]:
                                                                               ^
.\scripts\regenerated\.github\copilot\conversations_with_human\disaster_recovery_enhancer_edited.py:48:1: W293 blank line contains whitespace
    
^
.\scripts\regenerated\.github\copilot\conversations_with_human\disaster_recovery_enhancer_edited.py:54:80: E501 line too long (83 > 79 characters)
                cursor.execute("SELECT name FROM sqlite_master WHERE type='table'")
                                                                               ^
.\scripts\regenerated\.github\copilot\conversations_with_human\disaster_recovery_enhancer_edited.py:61:1: E302 expected 2 blank lines, found 1
def main():
^
.\scripts\regenerated\.github\copilot\conversations_with_human\disaster_recovery_enhancer_edited.py:64:1: W293 blank line contains whitespace
    
^
.\scripts\regenerated\.github\copilot\conversations_with_human\disaster_recovery_enhancer_edited.py:72:1: E305 expected 2 blank lines after class or function definition, found 1
if __name__ == "__main__":
^
.\scripts\regenerated\.github\copilot\conversations_with_human\disaster_recovery_enhancer_edited.py:74:5: F821 undefined name 'sys'
    sys.exit(0 if success else 1)    ^
.\scripts\regenerated\.github\copilot\conversations_with_human\disaster_recovery_enhancer_edited.py:74:34: W292 no newline at end of file
    sys.exit(0 if success else 1)                                 ^
.\scripts\regenerated\ENTERPRISE_QUALITY_ENHANCEMENT.py:47:57: E999 SyntaxError: closing parenthesis ']' does not match opening parenthesis '('
.\scripts\regenerated\ENTERPRISE_SCHEMA_FIX_AND_ENHANCEMENT.py:47:57: E999 SyntaxError: closing parenthesis ']' does not match opening parenthesis '('
.\scripts\regenerated\ENTERPRISE_ULTIMATE_QUALITY_BOOST.py:47:57: E999 SyntaxError: closing parenthesis ']' does not match opening parenthesis '('
.\scripts\regenerated\ascii_cleaner.py:57:21: E999 IndentationError: unexpected indent
                    tables = cursor.fetchall()
                    ^
.\scripts\regenerated\comprehensive_database_structure_analyzer.py:57:21: E999 IndentationError: unexpected indent
                    tables = cursor.fetchall()
                    ^
.\scripts\regenerated\comprehensive_deployment_analysis.py:41:35: E999 SyntaxError: closing parenthesis ']' does not match opening parenthesis '('
                raise ValueError(]
                                  ^
.\scripts\regenerated\comprehensive_deployment_manager.py:47:57: E999 SyntaxError: closing parenthesis ']' does not match opening parenthesis '('
.\scripts\regenerated\comprehensive_system_analysis_validator.py:41:35: E999 SyntaxError: closing parenthesis ']' does not match opening parenthesis '('
                raise ValueError(]
                                  ^
.\scripts\regenerated\critical_script_sync_operation.py:57:21: E999 IndentationError: unexpected indent
                    tables = cursor.fetchall()
                    ^
.\scripts\regenerated\cross_database_aggregation_implementation.py:57:21: E999 IndentationError: unexpected indent
                    tables = cursor.fetchall()
                    ^
.\scripts\regenerated\cross_database_aggregation_system.py:57:21: E999 IndentationError: unexpected indent
                    tables = cursor.fetchall()
                    ^
.\scripts\regenerated\deployed_environment_error_analyzer_and_fixer.py:47:57: E999 SyntaxError: closing parenthesis ']' does not match opening parenthesis '('
.\scripts\regenerated\documentation_generation_system.py:57:21: E999 IndentationError: unexpected indent
                    tables = cursor.fetchall()
                    ^
.\scripts\regenerated\emergency_c_temp_violation_prevention.py:57:21: E999 IndentationError: unexpected indent
                    tables = cursor.fetchall()
                    ^
.\scripts\regenerated\enhanced_multi_database_platform.py:57:21: E999 IndentationError: unexpected indent
                    tables = cursor.fetchall()
                    ^
.\scripts\regenerated\enhanced_platform_demo.py:57:21: E999 IndentationError: unexpected indent
                    tables = cursor.fetchall()
                    ^
.\scripts\regenerated\enhanced_platform_demonstration.py:57:21: E999 IndentationError: unexpected indent
                    tables = cursor.fetchall()
                    ^
.\scripts\regenerated\enterprise_data_migration_synchronization_validator.py:47:57: E999 SyntaxError: closing parenthesis ']' does not match opening parenthesis '('
.\scripts\regenerated\enterprise_database_framework_analyzer.py:57:21: E999 IndentationError: unexpected indent
                    tables = cursor.fetchall()
                    ^
.\scripts\regenerated\enterprise_database_organizer.py:57:21: E999 IndentationError: unexpected indent
                    tables = cursor.fetchall()
                    ^
.\scripts\regenerated\enterprise_database_query_validator.py:57:21: E999 IndentationError: unexpected indent
                    tables = cursor.fetchall()
                    ^
.\scripts\regenerated\enterprise_deployment\advanced_database_query_system.py:57:21: E999 IndentationError: unexpected indent
                    tables = cursor.fetchall()
                    ^
.\scripts\regenerated\enterprise_deployment\advanced_query_cache_system.py:57:21: E999 IndentationError: unexpected indent
                    tables = cursor.fetchall()
                    ^
.\scripts\regenerated\enterprise_deployment\automated_health_reports.py:41:35: E999 SyntaxError: closing parenthesis ']' does not match opening parenthesis '('
                raise ValueError(]
                                  ^
.\scripts\regenerated\enterprise_deployment\automated_health_scheduler.py:36:25: E999 SyntaxError: closing parenthesis ']' does not match opening parenthesis '{'
.\scripts\regenerated\enterprise_deployment\autonomous_database_administration_finalization.py:57:21: E999 IndentationError: unexpected indent
                    tables = cursor.fetchall()
                    ^
.\scripts\regenerated\enterprise_deployment\copilot_instructions_validator.py:34:45: E999 SyntaxError: closing parenthesis ']' does not match opening parenthesis '('
            self.validation_results.append(]
                                            ^
.\scripts\regenerated\enterprise_deployment\database_first_copilot_enhancer.py:57:21: E999 IndentationError: unexpected indent
                    tables = cursor.fetchall()
                    ^
.\scripts\regenerated\enterprise_deployment\database_schema_documentation_automation_complete.py:57:21: E999 IndentationError: unexpected indent
                    tables = cursor.fetchall()
                    ^
.\scripts\regenerated\enterprise_deployment\executive_alerts_test_suite.py:34:45: E999 SyntaxError: closing parenthesis ']' does not match opening parenthesis '('
            self.validation_results.append(]
                                            ^
.\scripts\regenerated\enterprise_deployment\executive_real_time_alerts.py:57:21: E999 IndentationError: unexpected indent
                    tables = cursor.fetchall()
                    ^
.\scripts\regenerated\enterprise_deployment\final_health_and_celebration.py:36:25: E999 SyntaxError: closing parenthesis ']' does not match opening parenthesis '{'
.\scripts\regenerated\enterprise_deployment\integration_testing_compliance.py:34:45: E999 SyntaxError: closing parenthesis ']' does not match opening parenthesis '('
            self.validation_results.append(]
                                            ^
.\scripts\regenerated\enterprise_deployment\natural_language_query_interface_advancement.py:57:21: E999 IndentationError: unexpected indent
                    tables = cursor.fetchall()
                    ^
.\scripts\regenerated\enterprise_deployment\natural_language_query_interface_completion.py:57:21: E999 IndentationError: unexpected indent
                    tables = cursor.fetchall()
                    ^
.\scripts\regenerated\enterprise_deployment\natural_language_query_interface_final_completion.py:57:21: E999 IndentationError: unexpected indent
                    tables = cursor.fetchall()
                    ^
.\scripts\regenerated\enterprise_deployment\natural_language_query_interface_finalization.py:57:21: E999 IndentationError: unexpected indent
                    tables = cursor.fetchall()
                    ^
.\scripts\regenerated\enterprise_deployment\phase4_enterprise_readiness.py:47:57: E999 SyntaxError: closing parenthesis ']' does not match opening parenthesis '('
.\scripts\regenerated\enterprise_deployment\predictive_proactive_alerting.py:57:21: E999 IndentationError: unexpected indent
                    tables = cursor.fetchall()
                    ^
.\scripts\regenerated\enterprise_deployment\quantum_enhanced_cache.py:57:21: E999 IndentationError: unexpected indent
                    tables = cursor.fetchall()
                    ^
.\scripts\regenerated\enterprise_deployment\quantum_enhanced_caching_finalization.py:57:21: E999 IndentationError: unexpected indent
                    tables = cursor.fetchall()
                    ^
.\scripts\regenerated\enterprise_deployment\query_performance_leaderboard.py:36:25: E999 SyntaxError: closing parenthesis ']' does not match opening parenthesis '{'
.\scripts\regenerated\enterprise_deployment\simplified_cache_deployment.py:47:57: E999 SyntaxError: closing parenthesis ']' does not match opening parenthesis '('
.\scripts\regenerated\enterprise_deployment\system_finalizer_and_executive_summary.py:57:21: E999 IndentationError: unexpected indent
                    tables = cursor.fetchall()
                    ^
.\scripts\regenerated\enterprise_deployment\template_library_expansion_automation_complete.py:57:21: E999 IndentationError: unexpected indent
                    tables = cursor.fetchall()
                    ^
.\scripts\regenerated\enterprise_schema_fixer_and_template_populator.py:47:57: E999 SyntaxError: closing parenthesis ']' does not match opening parenthesis '('
.\scripts\regenerated\enterprise_visual_processing_engine_fixed.py:47:57: E999 SyntaxError: closing parenthesis ']' does not match opening parenthesis '('
.\scripts\regenerated\environment_adaptation_system.py:57:21: E999 IndentationError: unexpected indent
                    tables = cursor.fetchall()
                    ^
.\scripts\regenerated\environment_profile_expansion.py:57:21: E999 IndentationError: unexpected indent
                    tables = cursor.fetchall()
                    ^
.\scripts\regenerated\environment_schema_migration.py:57:21: E999 IndentationError: unexpected indent
                    tables = cursor.fetchall()
                    ^
.\scripts\regenerated\final_c_temp_cleanup.py:57:21: E999 IndentationError: unexpected indent
                    tables = cursor.fetchall()
                    ^
.\scripts\regenerated\generated_scripts\basic_utility_demo.py:57:21: E999 IndentationError: unexpected indent
                    tables = cursor.fetchall()
                    ^
.\scripts\regenerated\generated_scripts\enterprise_database_validator_generated.py:57:21: E999 IndentationError: unexpected indent
                    tables = cursor.fetchall()
                    ^
.\scripts\regenerated\generated_scripts\generated_comprehensive_analyzer.py:57:21: E999 IndentationError: unexpected indent
                    tables = cursor.fetchall()
                    ^
.\scripts\regenerated\generated_scripts\phase_1_enhanced_schema_evolution.py:57:21: E999 IndentationError: unexpected indent
                    tables = cursor.fetchall()
                    ^
.\scripts\regenerated\generated_scripts\phase_2_enhanced_code_analysis.py:41:35: E999 SyntaxError: closing parenthesis ']' does not match opening parenthesis '('
                raise ValueError(]
                                  ^
.\scripts\regenerated\generated_scripts\phase_3_enhanced_cross_database_aggregation.py:57:21: E999 IndentationError: unexpected indent
                    tables = cursor.fetchall()
                    ^
.\scripts\regenerated\generated_scripts\phase_4_enhanced_environment_adaptation.py:57:21: E999 IndentationError: unexpected indent
                    tables = cursor.fetchall()
                    ^
.\scripts\regenerated\generated_scripts\phase_5_enhanced_documentation_generation.py:57:21: E999 IndentationError: unexpected indent
                    tables = cursor.fetchall()
                    ^
.\scripts\regenerated\generated_scripts\utility_demo.py:57:21: E999 IndentationError: unexpected indent
                    tables = cursor.fetchall()
                    ^
.\scripts\regenerated\integrated_deployment_orchestrator.py:47:57: E999 SyntaxError: closing parenthesis ']' does not match opening parenthesis '('
.\scripts\regenerated\intelligent_code_analysis_placeholder_detection.py:41:35: E999 SyntaxError: closing parenthesis ']' does not match opening parenthesis '('
                raise ValueError(]
                                  ^
.\scripts\regenerated\intelligent_code_analyzer.py:57:21: E999 IndentationError: unexpected indent
                    tables = cursor.fetchall()
                    ^
.\scripts\regenerated\mission_completion_orchestrator.py:57:21: E999 IndentationError: unexpected indent
                    tables = cursor.fetchall()
                    ^
.\scripts\regenerated\ml_models\recommendation_api.py:57:21: E999 IndentationError: unexpected indent
                    tables = cursor.fetchall()
                    ^
.\scripts\regenerated\monitoring\scripts\data_privacy_compliance_compliance.py:57:21: E999 IndentationError: unexpected indent
                    tables = cursor.fetchall()
                    ^
.\scripts\regenerated\monitoring\scripts\documentation_compliance_compliance.py:57:21: E999 IndentationError: unexpected indent
                    tables = cursor.fetchall()
                    ^
.\scripts\regenerated\monitoring\scripts\performance_compliance_compliance.py:36:25: E999 SyntaxError: closing parenthesis ']' does not match opening parenthesis '{'
.\scripts\regenerated\monitoring\scripts\security_audit_automation_compliance.py:57:21: E999 IndentationError: unexpected indent
                    tables = cursor.fetchall()
                    ^
.\scripts\regenerated\multi_database_analysis.py:57:21: E999 IndentationError: unexpected indent
                    tables = cursor.fetchall()
                    ^
.\scripts\regenerated\multi_template_demo.py:57:21: E999 IndentationError: unexpected indent
                    tables = cursor.fetchall()
                    ^
.\scripts\regenerated\phase_3_cross_database_aggregation.py:57:21: E999 IndentationError: unexpected indent
                    tables = cursor.fetchall()
                    ^
.\scripts\regenerated\phase_4_environment_adaptation.py:57:21: E999 IndentationError: unexpected indent
                    tables = cursor.fetchall()
                    ^
.\scripts\regenerated\phase_5_comprehensive_documentation.py:57:21: E999 IndentationError: unexpected indent
                    tables = cursor.fetchall()
                    ^
.\scripts\regenerated\production_db_analysis.py:57:21: E999 IndentationError: unexpected indent
                    tables = cursor.fetchall()
                    ^
.\scripts\regenerated\production_db_codebase_analysis.py:57:21: E999 IndentationError: unexpected indent
                    tables = cursor.fetchall()
                    ^
.\scripts\regenerated\production_db_comprehensive_script_analysis.py:57:21: E999 IndentationError: unexpected indent
                    tables = cursor.fetchall()
                    ^
.\scripts\regenerated\python_312_upgrade_manager.py:57:21: E999 IndentationError: unexpected indent
                    tables = cursor.fetchall()
                    ^
.\scripts\regenerated\quick_database_query.py:57:21: E999 IndentationError: unexpected indent
                    tables = cursor.fetchall()
                    ^
.\scripts\regenerated\scaling_innovation_framework.py:57:21: E999 IndentationError: unexpected indent
                    tables = cursor.fetchall()
                    ^
.\scripts\regenerated\schema_migration_fix.py:57:21: E999 IndentationError: unexpected indent
                    tables = cursor.fetchall()
                    ^
.\scripts\regenerated\simplified_critical_script_sync.py:57:21: E999 IndentationError: unexpected indent
                    tables = cursor.fetchall()
                    ^
.\scripts\regenerated\unicode_character_cleaner.py:57:21: E999 IndentationError: unexpected indent
                    tables = cursor.fetchall()
                    ^
.\scripts\regenerated\validate_framework.py:57:21: E999 IndentationError: unexpected indent
                    tables = cursor.fetchall()
                    ^
.\scripts\regenerated\visual_processing_compliance_validator.py:34:45: E999 SyntaxError: closing parenthesis ']' does not match opening parenthesis '('
            self.validation_results.append(]
                                            ^
.\scripts\regenerated\zero_tolerance_visual_processing_engine.py:57:21: E999 IndentationError: unexpected indent
                    tables = cursor.fetchall()
                    ^
.\scripts\scaling_innovation_framework.py:25:22: E999 SyntaxError: closing parenthesis ']' does not match opening parenthesis '('
logging.basicConfig(]
                     ^
.\scripts\schema_migration_fix.py:36:65: E999 SyntaxError: unterminated string literal (detected at line 36)
.\scripts\simple_platform_activator.py:66:10: E999 SyntaxError: closing parenthesis '}' does not match opening parenthesis '[' on line 63
        },
         ^
.\scripts\simplified_critical_script_sync.py:30:22: E999 SyntaxError: closing parenthesis ']' does not match opening parenthesis '('
.\scripts\staging_validation.py:21:13: E999 IndentationError: unexpected indent
.\scripts\strategic_implementation_executor.py:154:33: E999 SyntaxError: closing parenthesis ']' does not match opening parenthesis '('
.\scripts\ultimate_production_parity_validator.py:119:33: E999 SyntaxError: closing parenthesis ']' does not match opening parenthesis '('
.\scripts\unicode_character_cleaner.py:46:30: E999 SyntaxError: closing parenthesis ']' does not match opening parenthesis '('
        logging.basicConfig(]
                             ^
.\scripts\validate_framework.py:96:25: E999 SyntaxError: closing parenthesis ']' does not match opening parenthesis '('
        assert hasattr(]
                        ^
.\scripts\verify_databases.py:27:13: E999 IndentationError: unexpected indent
.\scripts\visual_processing_compliance_validator.py:34:59: E999 SyntaxError: closing parenthesis ']' does not match opening parenthesis '('
    from zero_tolerance_visual_processing_engine import (]
                                                          ^
.\scripts\web_gui_development_success_reporter.py:39:14: E999 SyntaxError: closing parenthesis ']' does not match opening parenthesis '{' on line 38
.\scripts\web_gui_documentation_generator.py:28:30: E999 SyntaxError: closing parenthesis ']' does not match opening parenthesis '('
.\scripts\zero_tolerance_visual_processing_engine.py:56:48: E999 SyntaxError: unterminated string literal (detected at line 56)
.\session_management_consolidation_executor.py:26:22: E999 SyntaxError: closing parenthesis ']' does not match opening parenthesis '('
logging.basicConfig(]
                     ^
.\session_protocol_validator.py:27:28: E999 SyntaxError: '[' was never closed
.\systematic_flake8_error_analysis_corrector.py:8:80: E501 line too long (84 > 79 characters)
"""
SYSTEMATIC FLAKE8 ERROR ANALYSIS & CORRECTION SYSTEM
===================================================
Comprehensive error analysis and resolution using systematic methodology

DUAL COPILOT PATTERN: Primary Analyzer + Secondary Validator
Visual Processing Indicators: Progress tracking, ETC calculation, completion metrics
Enterprise Database Integration: Analytics-driven correction patterns and learning

MISSION: Apply systematic error analysis methodology to achieve zero Flake8 violations
across entire repository while maintaining enterprise compliance patterns.

Author: Enterprise Compliance System  
Version: 3.0.0 - Systematic Error Analysis
Compliance: Enterprise Standards 2024
"""
   
                                                    
                      ^
.\systematic_flake8_error_analysis_corrector.py:9:80: E501 line too long (82 > 79 characters)
"""
SYSTEMATIC FLAKE8 ERROR ANALYSIS & CORRECTION SYSTEM
===================================================
Comprehensive error analysis and resolution using systematic methodology

DUAL COPILOT PATTERN: Primary Analyzer + Secondary Validator
Visual Processing Indicators: Progress tracking, ETC calculation, completion metrics
Enterprise Database Integration: Analytics-driven correction patterns and learning

MISSION: Apply systematic error analysis methodology to achieve zero Flake8 violations
across entire repository while maintaining enterprise compliance patterns.

Author: Enterprise Compliance System  
Version: 3.0.0 - Systematic Error Analysis
Compliance: Enterprise Standards 2024
"""
   
                                                    
                      ^
.\systematic_flake8_error_analysis_corrector.py:11:80: E501 line too long (86 > 79 characters)
"""
SYSTEMATIC FLAKE8 ERROR ANALYSIS & CORRECTION SYSTEM
===================================================
Comprehensive error analysis and resolution using systematic methodology

DUAL COPILOT PATTERN: Primary Analyzer + Secondary Validator
Visual Processing Indicators: Progress tracking, ETC calculation, completion metrics
Enterprise Database Integration: Analytics-driven correction patterns and learning

MISSION: Apply systematic error analysis methodology to achieve zero Flake8 violations
across entire repository while maintaining enterprise compliance patterns.

Author: Enterprise Compliance System  
Version: 3.0.0 - Systematic Error Analysis
Compliance: Enterprise Standards 2024
"""
   
                                                    
                      ^
.\systematic_flake8_error_analysis_corrector.py:14:37: W291 trailing whitespace
"""
SYSTEMATIC FLAKE8 ERROR ANALYSIS & CORRECTION SYSTEM
===================================================
Comprehensive error analysis and resolution using systematic methodology

DUAL COPILOT PATTERN: Primary Analyzer + Secondary Validator
Visual Processing Indicators: Progress tracking, ETC calculation, completion metrics
Enterprise Database Integration: Analytics-driven correction patterns and learning

MISSION: Apply systematic error analysis methodology to achieve zero Flake8 violations
across entire repository while maintaining enterprise compliance patterns.

Author: Enterprise Compliance System  
Version: 3.0.0 - Systematic Error Analysis
Compliance: Enterprise Standards 2024
"""
   
                                ^
.\systematic_flake8_error_analysis_corrector.py:27:1: F401 'typing.Tuple' imported but unused
from typing import Dict, List, Any, Optional, Tuple
^
.\systematic_flake8_error_analysis_corrector.py:47:1: E302 expected 2 blank lines, found 1
@dataclass
^
.\systematic_flake8_error_analysis_corrector.py:61:1: E302 expected 2 blank lines, found 1
@dataclass
^
.\systematic_flake8_error_analysis_corrector.py:73:1: E302 expected 2 blank lines, found 1
@dataclass
^
.\systematic_flake8_error_analysis_corrector.py:85:1: E302 expected 2 blank lines, found 1
class SystematicFlake8ErrorAnalyzer:
^
.\systematic_flake8_error_analysis_corrector.py:87:1: W293 blank line contains whitespace
    
^
.\systematic_flake8_error_analysis_corrector.py:90:80: E501 line too long (83 > 79 characters)
        self.analytics_db_path = self.workspace_root / 'databases' / 'analytics.db'
                                                                               ^
.\systematic_flake8_error_analysis_corrector.py:92:1: W293 blank line contains whitespace
        
^
.\systematic_flake8_error_analysis_corrector.py:100:80: E501 line too long (87 > 79 characters)
                    r"closing parenthesis ']' does not match opening parenthesis '\('",
                                                                               ^
.\systematic_flake8_error_analysis_corrector.py:101:80: E501 line too long (88 > 79 characters)
                    r"closing parenthesis '\)' does not match opening parenthesis '\['",
                                                                               ^
.\systematic_flake8_error_analysis_corrector.py:140:1: W293 blank line contains whitespace
        
^
.\systematic_flake8_error_analysis_corrector.py:143:1: W293 blank line contains whitespace
        
^
.\systematic_flake8_error_analysis_corrector.py:153:1: W293 blank line contains whitespace
            
^
.\systematic_flake8_error_analysis_corrector.py:170:1: W293 blank line contains whitespace
            
^
.\systematic_flake8_error_analysis_corrector.py:185:1: W293 blank line contains whitespace
            
^
.\systematic_flake8_error_analysis_corrector.py:188:1: W293 blank line contains whitespace
            
^
.\systematic_flake8_error_analysis_corrector.py:190:1: W293 blank line contains whitespace
            
^
.\systematic_flake8_error_analysis_corrector.py:198:1: W293 blank line contains whitespace
        
^
.\systematic_flake8_error_analysis_corrector.py:199:80: E501 line too long (95 > 79 characters)
        scan_output_file = self.workspace_root / f"flake8_systematic_scan_{self.timestamp}.log"
                                                                               ^
.\systematic_flake8_error_analysis_corrector.py:200:1: W293 blank line contains whitespace
        
^
.\systematic_flake8_error_analysis_corrector.py:210:15: W291 trailing whitespace
            ], 
              ^
.\systematic_flake8_error_analysis_corrector.py:211:13: E122 continuation line missing indentation or outdented
            cwd=self.workspace_root,
            ^
.\systematic_flake8_error_analysis_corrector.py:212:13: E122 continuation line missing indentation or outdented
            capture_output=True, 
            ^
.\systematic_flake8_error_analysis_corrector.py:212:33: W291 trailing whitespace
            capture_output=True, 
                                ^
.\systematic_flake8_error_analysis_corrector.py:213:13: E122 continuation line missing indentation or outdented
            text=True,
            ^
.\systematic_flake8_error_analysis_corrector.py:214:13: E122 continuation line missing indentation or outdented
            encoding='utf-8',
            ^
.\systematic_flake8_error_analysis_corrector.py:215:13: E122 continuation line missing indentation or outdented
            errors='replace',  # Replace problematic characters
            ^
.\systematic_flake8_error_analysis_corrector.py:216:13: E122 continuation line missing indentation or outdented
            timeout=300
            ^
.\systematic_flake8_error_analysis_corrector.py:218:1: W293 blank line contains whitespace
            
^
.\systematic_flake8_error_analysis_corrector.py:222:1: W293 blank line contains whitespace
            
^
.\systematic_flake8_error_analysis_corrector.py:233:1: W293 blank line contains whitespace
            
^
.\systematic_flake8_error_analysis_corrector.py:234:80: E501 line too long (86 > 79 characters)
            logger.info(f"Flake8 scan completed. Output saved to: {scan_output_file}")
                                                                               ^
.\systematic_flake8_error_analysis_corrector.py:236:1: W293 blank line contains whitespace
            
^
.\systematic_flake8_error_analysis_corrector.py:247:1: W293 blank line contains whitespace
        
^
.\systematic_flake8_error_analysis_corrector.py:252:1: W293 blank line contains whitespace
        
^
.\systematic_flake8_error_analysis_corrector.py:255:1: W293 blank line contains whitespace
        
^
.\systematic_flake8_error_analysis_corrector.py:260:1: W293 blank line contains whitespace
                
^
.\systematic_flake8_error_analysis_corrector.py:263:80: E501 line too long (82 > 79 characters)
                file_path, line_num, col_num, error_code, message = match.groups()
                                                                               ^
.\systematic_flake8_error_analysis_corrector.py:264:1: W293 blank line contains whitespace
                
^
.\systematic_flake8_error_analysis_corrector.py:269:1: W293 blank line contains whitespace
                
^
.\systematic_flake8_error_analysis_corrector.py:275:1: W293 blank line contains whitespace
                
^
.\systematic_flake8_error_analysis_corrector.py:288:1: W293 blank line contains whitespace
                
^
.\systematic_flake8_error_analysis_corrector.py:291:1: W293 blank line contains whitespace
                
^
.\systematic_flake8_error_analysis_corrector.py:295:1: W293 blank line contains whitespace
        
^
.\systematic_flake8_error_analysis_corrector.py:299:80: E501 line too long (87 > 79 characters)
    def analyze_errors_systematically(self, errors: List[FlakeError]) -> ErrorAnalysis:
                                                                               ^
.\systematic_flake8_error_analysis_corrector.py:302:1: W293 blank line contains whitespace
        
^
.\systematic_flake8_error_analysis_corrector.py:306:23: W291 trailing whitespace
            'High': 0, 
                      ^
.\systematic_flake8_error_analysis_corrector.py:310:1: W293 blank line contains whitespace
        
^
.\systematic_flake8_error_analysis_corrector.py:313:1: W293 blank line contains whitespace
        
^
.\systematic_flake8_error_analysis_corrector.py:316:1: W293 blank line contains whitespace
        
^
.\systematic_flake8_error_analysis_corrector.py:320:1: W293 blank line contains whitespace
            
^
.\systematic_flake8_error_analysis_corrector.py:325:1: W293 blank line contains whitespace
            
^
.\systematic_flake8_error_analysis_corrector.py:330:1: W293 blank line contains whitespace
        
^
.\systematic_flake8_error_analysis_corrector.py:332:80: E501 line too long (82 > 79 characters)
        resolution_strategy = self._determine_resolution_strategy(severity_counts)
                                                                               ^
.\systematic_flake8_error_analysis_corrector.py:333:1: W293 blank line contains whitespace
        
^
.\systematic_flake8_error_analysis_corrector.py:344:1: W293 blank line contains whitespace
        
^
.\systematic_flake8_error_analysis_corrector.py:345:21: F541 f-string is missing placeholders
        logger.info(f"Error analysis completed:")
                    ^
.\systematic_flake8_error_analysis_corrector.py:351:1: W293 blank line contains whitespace
        
^
.\systematic_flake8_error_analysis_corrector.py:354:80: E501 line too long (85 > 79 characters)
    def _determine_resolution_strategy(self, severity_counts: Dict[str, int]) -> str:
                                                                               ^
.\systematic_flake8_error_analysis_corrector.py:365:70: W291 trailing whitespace
    def generate_error_analysis_report(self, analysis: ErrorAnalysis, 
                                                                     ^
.\systematic_flake8_error_analysis_corrector.py:366:38: E128 continuation line under-indented for visual indent
                                     errors: List[FlakeError]) -> str:
                                     ^
.\systematic_flake8_error_analysis_corrector.py:369:1: W293 blank line contains whitespace
        
^
.\systematic_flake8_error_analysis_corrector.py:389:80: E501 line too long (96 > 79 characters)
            "detailed_errors": [asdict(error) for error in errors[:100]]  # First 100 for report
                                                                               ^
.\systematic_flake8_error_analysis_corrector.py:391:1: W293 blank line contains whitespace
        
^
.\systematic_flake8_error_analysis_corrector.py:393:80: E501 line too long (94 > 79 characters)
        report_file = self.workspace_root / f"systematic_error_analysis_{self.timestamp}.json"
                                                                               ^
.\systematic_flake8_error_analysis_corrector.py:396:1: W293 blank line contains whitespace
        
^
.\systematic_flake8_error_analysis_corrector.py:405:1: W293 blank line contains whitespace
            
^
.\systematic_flake8_error_analysis_corrector.py:407:54: W291 trailing whitespace
            cursor.execute('''
                INSERT INTO systematic_error_analysis 
                (analysis_id, timestamp, total_errors, critical_errors, high_errors, 
                 medium_errors, low_errors, error_categories, resolution_strategy)
                VALUES (?, ?, ?, ?, ?, ?, ?, ?, ?)
            ''', (
                              
                      ^
.\systematic_flake8_error_analysis_corrector.py:408:80: E501 line too long (84 > 79 characters)
            cursor.execute('''
                INSERT INTO systematic_error_analysis 
                (analysis_id, timestamp, total_errors, critical_errors, high_errors, 
                 medium_errors, low_errors, error_categories, resolution_strategy)
                VALUES (?, ?, ?, ?, ?, ?, ?, ?, ?)
            ''', (
                              
                                                ^
.\systematic_flake8_error_analysis_corrector.py:408:85: W291 trailing whitespace
            cursor.execute('''
                INSERT INTO systematic_error_analysis 
                (analysis_id, timestamp, total_errors, critical_errors, high_errors, 
                 medium_errors, low_errors, error_categories, resolution_strategy)
                VALUES (?, ?, ?, ?, ?, ?, ?, ?, ?)
            ''', (
                              
                                                     ^
.\systematic_flake8_error_analysis_corrector.py:409:80: E501 line too long (82 > 79 characters)
            cursor.execute('''
                INSERT INTO systematic_error_analysis 
                (analysis_id, timestamp, total_errors, critical_errors, high_errors, 
                 medium_errors, low_errors, error_categories, resolution_strategy)
                VALUES (?, ?, ?, ?, ?, ?, ?, ?, ?)
            ''', (
                              
                                                ^
.\systematic_flake8_error_analysis_corrector.py:422:1: W293 blank line contains whitespace
            
^
.\systematic_flake8_error_analysis_corrector.py:425:1: W293 blank line contains whitespace
            
^
.\systematic_flake8_error_analysis_corrector.py:427:1: W293 blank line contains whitespace
            
^
.\systematic_flake8_error_analysis_corrector.py:434:1: W293 blank line contains whitespace
        
^
.\systematic_flake8_error_analysis_corrector.py:436:1: W293 blank line contains whitespace
        
^
.\systematic_flake8_error_analysis_corrector.py:438:1: W293 blank line contains whitespace
            
^
.\systematic_flake8_error_analysis_corrector.py:443:1: W293 blank line contains whitespace
            
^
.\systematic_flake8_error_analysis_corrector.py:448:1: W293 blank line contains whitespace
            
^
.\systematic_flake8_error_analysis_corrector.py:453:1: W293 blank line contains whitespace
            
^
.\systematic_flake8_error_analysis_corrector.py:458:1: W293 blank line contains whitespace
            
^
.\systematic_flake8_error_analysis_corrector.py:463:1: W293 blank line contains whitespace
        
^
.\systematic_flake8_error_analysis_corrector.py:473:1: W293 blank line contains whitespace
        
^
.\systematic_flake8_error_analysis_corrector.py:478:1: W293 blank line contains whitespace
        
^
.\systematic_flake8_error_analysis_corrector.py:488:1: W293 blank line contains whitespace
    
^
.\systematic_flake8_error_analysis_corrector.py:492:1: W293 blank line contains whitespace
    
^
.\systematic_flake8_error_analysis_corrector.py:504:1: W293 blank line contains whitespace
    
^
.\targeted_flake8_fixer.py:8:1: F401 'os' imported but unused
import os
^
.\targeted_flake8_fixer.py:13:1: E302 expected 2 blank lines, found 1
def fix_line_length_violations():
^
.\targeted_flake8_fixer.py:57:80: E501 line too long (84 > 79 characters)
                            line2 = ' ' * (indent + 4) + line[break_point:].lstrip()
                                                                               ^
.\targeted_flake8_fixer.py:71:1: E302 expected 2 blank lines, found 1
def remove_unused_imports():
^
.\targeted_flake8_fixer.py:89:1: E302 expected 2 blank lines, found 1
def fix_whitespace_issues():
^
.\targeted_flake8_fixer.py:118:1: E302 expected 2 blank lines, found 1
def fix_fstring_violations():
^
.\targeted_flake8_fixer.py:128:80: E501 line too long (80 > 79 characters)
            # Find f-strings without placeholders and convert to regular strings
                                                                               ^
.\targeted_flake8_fixer.py:148:1: E302 expected 2 blank lines, found 1
def run_targeted_fixes():
^
.\targeted_flake8_fixer.py:192:1: E305 expected 2 blank lines after class or function definition, found 1
if __name__ == "__main__":
^
.\templates\intelligent_code_analyzer.py:34:22: E999 SyntaxError: closing parenthesis ']' does not match opening parenthesis '('
.\tests\test_autonomous_file_manager.py:5:52: E999 SyntaxError: closing parenthesis ']' does not match opening parenthesis '('
.\tests\test_dashboard.py:23:38: E999 SyntaxError: closing parenthesis ']' does not match opening parenthesis '('
.\tests\test_database_sync.py:2:1: F401 'pathlib.Path' imported but unused
from pathlib import Path
^
.\tests\test_orchestration.py:14:18: E999 SyntaxError: closing parenthesis ']' does not match opening parenthesis '('
.\tests\test_quantum_deploy.py:3:82: E999 SyntaxError: closing parenthesis ']' does not match opening parenthesis '('
.\tests\test_quantum_optimizer.py:3:44: E999 SyntaxError: closing parenthesis ']' does not match opening parenthesis '('
.\tests\test_serialization.py:2:80: E501 line too long (83 > 79 characters)
from copilot.core.enterprise_json_serialization_fix import EnterpriseJSONSerializer
                                                                               ^
.\tests\test_session_protocol_validator.py:1:1: F401 'pathlib.Path' imported but unused
from pathlib import Path
^
.\tests\test_unified_monitoring.py:23:26: E999 SyntaxError: closing parenthesis ']' does not match opening parenthesis '('
.\tests\test_web_gui_endpoints.py:6:39: E999 SyntaxError: closing parenthesis ']' does not match opening parenthesis '('
.\unified_database_management_system.py:30:22: E999 SyntaxError: closing parenthesis ']' does not match opening parenthesis '('
logging.basicConfig(]
                     ^
.\unified_disaster_recovery_system.py:29:22: E999 SyntaxError: closing parenthesis ']' does not match opening parenthesis '('
.\unified_legacy_cleanup_system.py:22:22: E999 SyntaxError: closing parenthesis ']' does not match opening parenthesis '('
.\unified_monitoring_optimization_system.py:34:22: E999 SyntaxError: closing parenthesis ']' does not match opening parenthesis '('
logging.basicConfig(]
                     ^
.\unified_script_generation_system.py:29:22: E999 SyntaxError: closing parenthesis ']' does not match opening parenthesis '('
.\unified_session_management_system.py:35:22: E999 SyntaxError: closing parenthesis ']' does not match opening parenthesis '('
.\validation\deployment_validation_report.py:35:9: E999 IndentationError: unexpected indent
.\validation\system_status_checker.py:114:40: E999 SyntaxError: closing parenthesis ']' does not match opening parenthesis '('
.\web_gui\app.py:29:33: E999 SyntaxError: closing parenthesis ']' does not match opening parenthesis '('
ENTERPRISE_DASHBOARD_SCRIPT = (]
                                ^
.\web_gui\database_driven_web_gui_generator.py:53:14: E999 SyntaxError: closing parenthesis ']' does not match opening parenthesis '{' on line 52
.\web_gui\enhanced_platform_demo.py:9:56: E999 SyntaxError: closing parenthesis ']' does not match opening parenthesis '('
from comprehensive_script_generation_platform import (]
                                                       ^
.\web_gui\scripts\flask_apps\enterprise_dashboard.py:27:22: E999 SyntaxError: closing parenthesis ']' does not match opening parenthesis '('
.\web_gui_integration_system.py:38:37: E999 SyntaxError: closing parenthesis ']' does not match opening parenthesis '('
13    E122 continuation line missing indentation or outdented
1     E128 continuation line under-indented for visual indent
17    E302 expected 2 blank lines, found 1
3     E305 expected 2 blank lines after class or function definition, found 1
263   E501 line too long (94 > 79 characters)
465   E999 SyntaxError: closing parenthesis ']' does not match opening parenthesis '('
31    F401 'os' imported but unused
15    F541 f-string is missing placeholders
2     F821 undefined name 'main'
3     F841 local variable 'original_content' is assigned to but never used
13    W291 trailing whitespace
1     W292 no newline at end of file
114   W293 blank line contains whitespace
941

==================================================
STDERR:
